Sdp notification starting
batch acquisition of 0 triggers
Calling execute on job contnet_loader.ContentLoader
Checking for new content
batch acquisition of 0 triggers
batch acquisition of 0 triggers
batch acquisition of 0 triggers
batch acquisition of 1 triggers
Producing instance of Job 'contnet_loader.ContentLoader', class=com.smk.sdp.contentloader.ContentLoader
Sdp notification starting
batch acquisition of 0 triggers
Calling execute on job contnet_loader.ContentLoader
Checking for new content
batch acquisition of 0 triggers
batch acquisition of 0 triggers
batch acquisition of 0 triggers
batch acquisition of 1 triggers
Producing instance of Job 'contnet_loader.ContentLoader', class=com.smk.sdp.contentloader.ContentLoader
Sdp notification starting
batch acquisition of 0 triggers
Calling execute on job contnet_loader.ContentLoader
Checking for new content
batch acquisition of 0 triggers
batch acquisition of 0 triggers
batch acquisition of 0 triggers
batch acquisition of 1 triggers
Producing instance of Job 'contnet_loader.ContentLoader', class=com.smk.sdp.contentloader.ContentLoader
Sdp notification starting
batch acquisition of 0 triggers
Calling execute on job contnet_loader.ContentLoader
Checking for new content
batch acquisition of 0 triggers
batch acquisition of 0 triggers
batch acquisition of 0 triggers
batch acquisition of 1 triggers
Producing instance of Job 'contnet_loader.ContentLoader', class=com.smk.sdp.contentloader.ContentLoader
Sdp notification starting
batch acquisition of 0 triggers
Calling execute on job contnet_loader.ContentLoader
Checking for new content
batch acquisition of 0 triggers
batch acquisition of 0 triggers
batch acquisition of 0 triggers
batch acquisition of 1 triggers
Producing instance of Job 'contnet_loader.ContentLoader', class=com.smk.sdp.contentloader.ContentLoader
Sdp notification starting
batch acquisition of 0 triggers
Calling execute on job contnet_loader.ContentLoader
Checking for new content
batch acquisition of 0 triggers
batch acquisition of 0 triggers
batch acquisition of 0 triggers
batch acquisition of 1 triggers
Producing instance of Job 'contnet_loader.ContentLoader', class=com.smk.sdp.contentloader.ContentLoader
Sdp notification starting
batch acquisition of 0 triggers
Calling execute on job contnet_loader.ContentLoader
Checking for new content
batch acquisition of 0 triggers
batch acquisition of 0 triggers
batch acquisition of 0 triggers
batch acquisition of 1 triggers
Producing instance of Job 'contnet_loader.ContentLoader', class=com.smk.sdp.contentloader.ContentLoader
Sdp notification starting
batch acquisition of 0 triggers
Calling execute on job contnet_loader.ContentLoader
Checking for new content
batch acquisition of 0 triggers
batch acquisition of 0 triggers
batch acquisition of 0 triggers
batch acquisition of 1 triggers
Producing instance of Job 'contnet_loader.ContentLoader', class=com.smk.sdp.contentloader.ContentLoader
Sdp notification starting
batch acquisition of 0 triggers
Calling execute on job contnet_loader.ContentLoader
Checking for new content
batch acquisition of 0 triggers
batch acquisition of 0 triggers
batch acquisition of 0 triggers
batch acquisition of 1 triggers
Producing instance of Job 'contnet_loader.ContentLoader', class=com.smk.sdp.contentloader.ContentLoader
Sdp notification starting
batch acquisition of 0 triggers
Calling execute on job contnet_loader.ContentLoader
Checking for new content
batch acquisition of 0 triggers
batch acquisition of 0 triggers
batch acquisition of 0 triggers
batch acquisition of 1 triggers
Producing instance of Job 'contnet_loader.ContentLoader', class=com.smk.sdp.contentloader.ContentLoader
Sdp notification starting
batch acquisition of 0 triggers
Calling execute on job contnet_loader.ContentLoader
Checking for new content
batch acquisition of 0 triggers
batch acquisition of 0 triggers
batch acquisition of 0 triggers
batch acquisition of 1 triggers
Producing instance of Job 'contnet_loader.ContentLoader', class=com.smk.sdp.contentloader.ContentLoader
Sdp notification starting
batch acquisition of 0 triggers
Calling execute on job contnet_loader.ContentLoader
Checking for new content
batch acquisition of 0 triggers
batch acquisition of 0 triggers
batch acquisition of 0 triggers
batch acquisition of 1 triggers
Producing instance of Job 'contnet_loader.ContentLoader', class=com.smk.sdp.contentloader.ContentLoader
Sdp notification starting
batch acquisition of 0 triggers
Calling execute on job contnet_loader.ContentLoader
Checking for new content
batch acquisition of 0 triggers
batch acquisition of 0 triggers
batch acquisition of 0 triggers
batch acquisition of 1 triggers
Producing instance of Job 'contnet_loader.ContentLoader', class=com.smk.sdp.contentloader.ContentLoader
Sdp notification starting
batch acquisition of 0 triggers
Calling execute on job contnet_loader.ContentLoader
Checking for new content
batch acquisition of 0 triggers
batch acquisition of 0 triggers
batch acquisition of 0 triggers
batch acquisition of 1 triggers
Producing instance of Job 'contnet_loader.ContentLoader', class=com.smk.sdp.contentloader.ContentLoader
Sdp notification starting
batch acquisition of 0 triggers
Calling execute on job contnet_loader.ContentLoader
Checking for new content
batch acquisition of 0 triggers
batch acquisition of 0 triggers
batch acquisition of 0 triggers
batch acquisition of 1 triggers
Producing instance of Job 'contnet_loader.ContentLoader', class=com.smk.sdp.contentloader.ContentLoader
Sdp notification starting
batch acquisition of 0 triggers
Calling execute on job contnet_loader.ContentLoader
Checking for new content
batch acquisition of 0 triggers
batch acquisition of 0 triggers
batch acquisition of 0 triggers
batch acquisition of 1 triggers
Producing instance of Job 'contnet_loader.ContentLoader', class=com.smk.sdp.contentloader.ContentLoader
Sdp notification starting
batch acquisition of 0 triggers
Calling execute on job contnet_loader.ContentLoader
Checking for new content
batch acquisition of 0 triggers
batch acquisition of 0 triggers
batch acquisition of 0 triggers
batch acquisition of 1 triggers
Producing instance of Job 'contnet_loader.ContentLoader', class=com.smk.sdp.contentloader.ContentLoader
Sdp notification starting
batch acquisition of 0 triggers
Calling execute on job contnet_loader.ContentLoader
Checking for new content
batch acquisition of 0 triggers
batch acquisition of 0 triggers
batch acquisition of 0 triggers
batch acquisition of 1 triggers
Producing instance of Job 'contnet_loader.ContentLoader', class=com.smk.sdp.contentloader.ContentLoader
Sdp notification starting
batch acquisition of 0 triggers
Calling execute on job contnet_loader.ContentLoader
Checking for new content
batch acquisition of 0 triggers
batch acquisition of 0 triggers
batch acquisition of 0 triggers
batch acquisition of 1 triggers
Producing instance of Job 'contnet_loader.ContentLoader', class=com.smk.sdp.contentloader.ContentLoader
Sdp notification starting
batch acquisition of 0 triggers
Calling execute on job contnet_loader.ContentLoader
Checking for new content
batch acquisition of 0 triggers
batch acquisition of 0 triggers
batch acquisition of 0 triggers
batch acquisition of 1 triggers
Producing instance of Job 'contnet_loader.ContentLoader', class=com.smk.sdp.contentloader.ContentLoader
Sdp notification starting
batch acquisition of 0 triggers
Calling execute on job contnet_loader.ContentLoader
Checking for new content
batch acquisition of 0 triggers
batch acquisition of 0 triggers
batch acquisition of 0 triggers
batch acquisition of 1 triggers
Producing instance of Job 'contnet_loader.ContentLoader', class=com.smk.sdp.contentloader.ContentLoader
Sdp notification starting
batch acquisition of 0 triggers
Calling execute on job contnet_loader.ContentLoader
Checking for new content
batch acquisition of 0 triggers
batch acquisition of 0 triggers
batch acquisition of 0 triggers
batch acquisition of 1 triggers
Producing instance of Job 'contnet_loader.ContentLoader', class=com.smk.sdp.contentloader.ContentLoader
Sdp notification starting
batch acquisition of 0 triggers
Calling execute on job contnet_loader.ContentLoader
Checking for new content
batch acquisition of 0 triggers
batch acquisition of 0 triggers
batch acquisition of 0 triggers
batch acquisition of 1 triggers
Producing instance of Job 'contnet_loader.ContentLoader', class=com.smk.sdp.contentloader.ContentLoader
Sdp notification starting
batch acquisition of 0 triggers
Calling execute on job contnet_loader.ContentLoader
Checking for new content
batch acquisition of 0 triggers
batch acquisition of 0 triggers
batch acquisition of 0 triggers
batch acquisition of 1 triggers
Producing instance of Job 'contnet_loader.ContentLoader', class=com.smk.sdp.contentloader.ContentLoader
Sdp notification starting
batch acquisition of 0 triggers
Calling execute on job contnet_loader.ContentLoader
Checking for new content
batch acquisition of 0 triggers
batch acquisition of 0 triggers
batch acquisition of 0 triggers
batch acquisition of 1 triggers
Producing instance of Job 'contnet_loader.ContentLoader', class=com.smk.sdp.contentloader.ContentLoader
Sdp notification starting
batch acquisition of 0 triggers
Calling execute on job contnet_loader.ContentLoader
Checking for new content
batch acquisition of 0 triggers
batch acquisition of 0 triggers
batch acquisition of 0 triggers
batch acquisition of 1 triggers
Producing instance of Job 'contnet_loader.ContentLoader', class=com.smk.sdp.contentloader.ContentLoader
Sdp notification starting
batch acquisition of 0 triggers
Calling execute on job contnet_loader.ContentLoader
Checking for new content
batch acquisition of 0 triggers
batch acquisition of 0 triggers
batch acquisition of 0 triggers
batch acquisition of 1 triggers
Producing instance of Job 'contnet_loader.ContentLoader', class=com.smk.sdp.contentloader.ContentLoader
Sdp notification starting
batch acquisition of 0 triggers
Calling execute on job contnet_loader.ContentLoader
Checking for new content
batch acquisition of 0 triggers
batch acquisition of 0 triggers
batch acquisition of 0 triggers
batch acquisition of 1 triggers
Producing instance of Job 'contnet_loader.ContentLoader', class=com.smk.sdp.contentloader.ContentLoader
Sdp notification starting
batch acquisition of 0 triggers
Calling execute on job contnet_loader.ContentLoader
Checking for new content
batch acquisition of 0 triggers
batch acquisition of 0 triggers
batch acquisition of 0 triggers
batch acquisition of 1 triggers
Producing instance of Job 'contnet_loader.ContentLoader', class=com.smk.sdp.contentloader.ContentLoader
