Sdp notification starting
batch acquisition of 0 triggers
Calling execute on job contnet_loader.ContentLoader
Checking for new content
batch acquisition of 0 triggers
batch acquisition of 0 triggers
batch acquisition of 0 triggers
batch acquisition of 1 triggers
Producing instance of Job 'contnet_loader.ContentLoader', class=com.smk.sdp.contentloader.ContentLoader
Sdp notification starting
batch acquisition of 0 triggers
Calling execute on job contnet_loader.ContentLoader
Checking for new content
batch acquisition of 0 triggers
batch acquisition of 0 triggers
batch acquisition of 0 triggers
batch acquisition of 1 triggers
Producing instance of Job 'contnet_loader.ContentLoader', class=com.smk.sdp.contentloader.ContentLoader
Sdp notification starting
batch acquisition of 0 triggers
Calling execute on job contnet_loader.ContentLoader
Checking for new content
batch acquisition of 0 triggers
batch acquisition of 0 triggers
batch acquisition of 0 triggers
batch acquisition of 1 triggers
Producing instance of Job 'contnet_loader.ContentLoader', class=com.smk.sdp.contentloader.ContentLoader
Sdp notification starting
batch acquisition of 0 triggers
Calling execute on job contnet_loader.ContentLoader
Checking for new content
batch acquisition of 0 triggers
batch acquisition of 0 triggers
batch acquisition of 0 triggers
batch acquisition of 1 triggers
Producing instance of Job 'contnet_loader.ContentLoader', class=com.smk.sdp.contentloader.ContentLoader
Sdp notification starting
batch acquisition of 0 triggers
Calling execute on job contnet_loader.ContentLoader
Checking for new content
batch acquisition of 0 triggers
batch acquisition of 0 triggers
batch acquisition of 0 triggers
batch acquisition of 1 triggers
Producing instance of Job 'contnet_loader.ContentLoader', class=com.smk.sdp.contentloader.ContentLoader
Sdp notification starting
batch acquisition of 0 triggers
Calling execute on job contnet_loader.ContentLoader
Checking for new content
batch acquisition of 0 triggers
batch acquisition of 0 triggers
batch acquisition of 0 triggers
batch acquisition of 1 triggers
Producing instance of Job 'contnet_loader.ContentLoader', class=com.smk.sdp.contentloader.ContentLoader
Sdp notification starting
batch acquisition of 0 triggers
Calling execute on job contnet_loader.ContentLoader
Checking for new content
batch acquisition of 0 triggers
batch acquisition of 0 triggers
batch acquisition of 0 triggers
batch acquisition of 1 triggers
Producing instance of Job 'contnet_loader.ContentLoader', class=com.smk.sdp.contentloader.ContentLoader
Sdp notification starting
batch acquisition of 0 triggers
Calling execute on job contnet_loader.ContentLoader
Checking for new content
batch acquisition of 0 triggers
batch acquisition of 0 triggers
batch acquisition of 0 triggers
batch acquisition of 1 triggers
Producing instance of Job 'contnet_loader.ContentLoader', class=com.smk.sdp.contentloader.ContentLoader
Sdp notification starting
batch acquisition of 0 triggers
Calling execute on job contnet_loader.ContentLoader
Checking for new content
batch acquisition of 0 triggers
batch acquisition of 0 triggers
batch acquisition of 0 triggers
batch acquisition of 1 triggers
Producing instance of Job 'contnet_loader.ContentLoader', class=com.smk.sdp.contentloader.ContentLoader
Sdp notification starting
batch acquisition of 0 triggers
Calling execute on job contnet_loader.ContentLoader
Checking for new content
batch acquisition of 0 triggers
batch acquisition of 0 triggers
batch acquisition of 0 triggers
batch acquisition of 1 triggers
Producing instance of Job 'contnet_loader.ContentLoader', class=com.smk.sdp.contentloader.ContentLoader
Sdp notification starting
batch acquisition of 0 triggers
Calling execute on job contnet_loader.ContentLoader
Checking for new content
batch acquisition of 0 triggers
batch acquisition of 0 triggers
batch acquisition of 0 triggers
batch acquisition of 1 triggers
Producing instance of Job 'contnet_loader.ContentLoader', class=com.smk.sdp.contentloader.ContentLoader
Sdp notification starting
batch acquisition of 0 triggers
Calling execute on job contnet_loader.ContentLoader
Checking for new content
batch acquisition of 0 triggers
batch acquisition of 0 triggers
batch acquisition of 0 triggers
batch acquisition of 1 triggers
Producing instance of Job 'contnet_loader.ContentLoader', class=com.smk.sdp.contentloader.ContentLoader
Sdp notification starting
batch acquisition of 0 triggers
Calling execute on job contnet_loader.ContentLoader
Checking for new content
batch acquisition of 0 triggers
batch acquisition of 0 triggers
batch acquisition of 0 triggers
batch acquisition of 1 triggers
Producing instance of Job 'contnet_loader.ContentLoader', class=com.smk.sdp.contentloader.ContentLoader
Sdp notification starting
batch acquisition of 0 triggers
Calling execute on job contnet_loader.ContentLoader
Checking for new content
batch acquisition of 0 triggers
batch acquisition of 0 triggers
batch acquisition of 0 triggers
batch acquisition of 1 triggers
Producing instance of Job 'contnet_loader.ContentLoader', class=com.smk.sdp.contentloader.ContentLoader
Sdp notification starting
batch acquisition of 0 triggers
Calling execute on job contnet_loader.ContentLoader
Checking for new content
batch acquisition of 0 triggers
batch acquisition of 0 triggers
batch acquisition of 0 triggers
batch acquisition of 1 triggers
Producing instance of Job 'contnet_loader.ContentLoader', class=com.smk.sdp.contentloader.ContentLoader
Sdp notification starting
batch acquisition of 0 triggers
Calling execute on job contnet_loader.ContentLoader
Checking for new content
batch acquisition of 0 triggers
batch acquisition of 0 triggers
batch acquisition of 0 triggers
batch acquisition of 1 triggers
Producing instance of Job 'contnet_loader.ContentLoader', class=com.smk.sdp.contentloader.ContentLoader
Sdp notification starting
batch acquisition of 0 triggers
Calling execute on job contnet_loader.ContentLoader
Checking for new content
batch acquisition of 0 triggers
batch acquisition of 0 triggers
batch acquisition of 0 triggers
batch acquisition of 1 triggers
Producing instance of Job 'contnet_loader.ContentLoader', class=com.smk.sdp.contentloader.ContentLoader
Sdp notification starting
batch acquisition of 0 triggers
Calling execute on job contnet_loader.ContentLoader
Checking for new content
batch acquisition of 0 triggers
batch acquisition of 0 triggers
batch acquisition of 0 triggers
batch acquisition of 1 triggers
Producing instance of Job 'contnet_loader.ContentLoader', class=com.smk.sdp.contentloader.ContentLoader
Sdp notification starting
batch acquisition of 0 triggers
Calling execute on job contnet_loader.ContentLoader
Checking for new content
batch acquisition of 0 triggers
batch acquisition of 0 triggers
batch acquisition of 0 triggers
batch acquisition of 1 triggers
Producing instance of Job 'contnet_loader.ContentLoader', class=com.smk.sdp.contentloader.ContentLoader
Sdp notification starting
batch acquisition of 0 triggers
Calling execute on job contnet_loader.ContentLoader
Checking for new content
batch acquisition of 0 triggers
batch acquisition of 0 triggers
batch acquisition of 0 triggers
batch acquisition of 1 triggers
Producing instance of Job 'contnet_loader.ContentLoader', class=com.smk.sdp.contentloader.ContentLoader
Sdp notification starting
batch acquisition of 0 triggers
Calling execute on job contnet_loader.ContentLoader
Checking for new content
batch acquisition of 0 triggers
batch acquisition of 0 triggers
batch acquisition of 0 triggers
batch acquisition of 1 triggers
Producing instance of Job 'contnet_loader.ContentLoader', class=com.smk.sdp.contentloader.ContentLoader
Sdp notification starting
batch acquisition of 0 triggers
Calling execute on job contnet_loader.ContentLoader
Checking for new content
batch acquisition of 0 triggers
batch acquisition of 0 triggers
batch acquisition of 0 triggers
batch acquisition of 1 triggers
Producing instance of Job 'contnet_loader.ContentLoader', class=com.smk.sdp.contentloader.ContentLoader
Sdp notification starting
batch acquisition of 0 triggers
Calling execute on job contnet_loader.ContentLoader
Checking for new content
batch acquisition of 0 triggers
batch acquisition of 0 triggers
batch acquisition of 0 triggers
batch acquisition of 1 triggers
Producing instance of Job 'contnet_loader.ContentLoader', class=com.smk.sdp.contentloader.ContentLoader
Sdp notification starting
batch acquisition of 0 triggers
Calling execute on job contnet_loader.ContentLoader
Checking for new content
batch acquisition of 0 triggers
batch acquisition of 0 triggers
batch acquisition of 0 triggers
batch acquisition of 1 triggers
Producing instance of Job 'contnet_loader.ContentLoader', class=com.smk.sdp.contentloader.ContentLoader
Sdp notification starting
batch acquisition of 0 triggers
Calling execute on job contnet_loader.ContentLoader
Checking for new content
batch acquisition of 0 triggers
batch acquisition of 0 triggers
batch acquisition of 0 triggers
batch acquisition of 1 triggers
Producing instance of Job 'contnet_loader.ContentLoader', class=com.smk.sdp.contentloader.ContentLoader
Sdp notification starting
batch acquisition of 0 triggers
Calling execute on job contnet_loader.ContentLoader
Checking for new content
batch acquisition of 0 triggers
batch acquisition of 0 triggers
batch acquisition of 0 triggers
batch acquisition of 1 triggers
Producing instance of Job 'contnet_loader.ContentLoader', class=com.smk.sdp.contentloader.ContentLoader
Sdp notification starting
batch acquisition of 0 triggers
Calling execute on job contnet_loader.ContentLoader
Checking for new content
batch acquisition of 0 triggers
batch acquisition of 0 triggers
batch acquisition of 0 triggers
batch acquisition of 1 triggers
Producing instance of Job 'contnet_loader.ContentLoader', class=com.smk.sdp.contentloader.ContentLoader
Sdp notification starting
batch acquisition of 0 triggers
Calling execute on job contnet_loader.ContentLoader
Checking for new content
batch acquisition of 0 triggers
batch acquisition of 0 triggers
batch acquisition of 0 triggers
batch acquisition of 1 triggers
Producing instance of Job 'contnet_loader.ContentLoader', class=com.smk.sdp.contentloader.ContentLoader
Sdp notification starting
batch acquisition of 0 triggers
Calling execute on job contnet_loader.ContentLoader
Checking for new content
batch acquisition of 0 triggers
batch acquisition of 0 triggers
batch acquisition of 0 triggers
batch acquisition of 1 triggers
Producing instance of Job 'contnet_loader.ContentLoader', class=com.smk.sdp.contentloader.ContentLoader
Sdp notification starting
batch acquisition of 0 triggers
Calling execute on job contnet_loader.ContentLoader
Checking for new content
batch acquisition of 0 triggers
batch acquisition of 0 triggers
batch acquisition of 0 triggers
batch acquisition of 1 triggers
Producing instance of Job 'contnet_loader.ContentLoader', class=com.smk.sdp.contentloader.ContentLoader
Sdp notification starting
batch acquisition of 0 triggers
Calling execute on job contnet_loader.ContentLoader
Checking for new content
batch acquisition of 0 triggers
batch acquisition of 0 triggers
batch acquisition of 0 triggers
batch acquisition of 1 triggers
Producing instance of Job 'contnet_loader.ContentLoader', class=com.smk.sdp.contentloader.ContentLoader
Sdp notification starting
batch acquisition of 0 triggers
Calling execute on job contnet_loader.ContentLoader
Checking for new content
batch acquisition of 0 triggers
batch acquisition of 0 triggers
batch acquisition of 0 triggers
batch acquisition of 1 triggers
Producing instance of Job 'contnet_loader.ContentLoader', class=com.smk.sdp.contentloader.ContentLoader
Sdp notification starting
batch acquisition of 0 triggers
Calling execute on job contnet_loader.ContentLoader
Checking for new content
batch acquisition of 0 triggers
batch acquisition of 0 triggers
batch acquisition of 0 triggers
batch acquisition of 1 triggers
Producing instance of Job 'contnet_loader.ContentLoader', class=com.smk.sdp.contentloader.ContentLoader
Sdp notification starting
batch acquisition of 0 triggers
Calling execute on job contnet_loader.ContentLoader
Checking for new content
batch acquisition of 0 triggers
batch acquisition of 0 triggers
batch acquisition of 0 triggers
batch acquisition of 1 triggers
Producing instance of Job 'contnet_loader.ContentLoader', class=com.smk.sdp.contentloader.ContentLoader
Sdp notification starting
batch acquisition of 0 triggers
Calling execute on job contnet_loader.ContentLoader
Checking for new content
batch acquisition of 0 triggers
batch acquisition of 0 triggers
batch acquisition of 0 triggers
batch acquisition of 1 triggers
Producing instance of Job 'contnet_loader.ContentLoader', class=com.smk.sdp.contentloader.ContentLoader
Sdp notification starting
batch acquisition of 0 triggers
Calling execute on job contnet_loader.ContentLoader
Checking for new content
batch acquisition of 0 triggers
batch acquisition of 0 triggers
batch acquisition of 0 triggers
batch acquisition of 1 triggers
Producing instance of Job 'contnet_loader.ContentLoader', class=com.smk.sdp.contentloader.ContentLoader
Sdp notification starting
batch acquisition of 0 triggers
Calling execute on job contnet_loader.ContentLoader
Checking for new content
batch acquisition of 0 triggers
batch acquisition of 0 triggers
batch acquisition of 0 triggers
batch acquisition of 1 triggers
Producing instance of Job 'contnet_loader.ContentLoader', class=com.smk.sdp.contentloader.ContentLoader
Sdp notification starting
batch acquisition of 0 triggers
Calling execute on job contnet_loader.ContentLoader
Checking for new content
batch acquisition of 0 triggers
batch acquisition of 0 triggers
batch acquisition of 0 triggers
batch acquisition of 1 triggers
Producing instance of Job 'contnet_loader.ContentLoader', class=com.smk.sdp.contentloader.ContentLoader
Sdp notification starting
batch acquisition of 0 triggers
Calling execute on job contnet_loader.ContentLoader
Checking for new content
batch acquisition of 0 triggers
batch acquisition of 0 triggers
batch acquisition of 0 triggers
batch acquisition of 1 triggers
Producing instance of Job 'contnet_loader.ContentLoader', class=com.smk.sdp.contentloader.ContentLoader
Sdp notification starting
batch acquisition of 0 triggers
Calling execute on job contnet_loader.ContentLoader
Checking for new content
batch acquisition of 0 triggers
batch acquisition of 0 triggers
batch acquisition of 0 triggers
batch acquisition of 1 triggers
Producing instance of Job 'contnet_loader.ContentLoader', class=com.smk.sdp.contentloader.ContentLoader
Sdp notification starting
batch acquisition of 0 triggers
Calling execute on job contnet_loader.ContentLoader
Checking for new content
batch acquisition of 0 triggers
batch acquisition of 0 triggers
batch acquisition of 0 triggers
batch acquisition of 1 triggers
Producing instance of Job 'contnet_loader.ContentLoader', class=com.smk.sdp.contentloader.ContentLoader
Sdp notification starting
batch acquisition of 0 triggers
Calling execute on job contnet_loader.ContentLoader
Checking for new content
batch acquisition of 0 triggers
batch acquisition of 0 triggers
batch acquisition of 0 triggers
batch acquisition of 1 triggers
Producing instance of Job 'contnet_loader.ContentLoader', class=com.smk.sdp.contentloader.ContentLoader
Sdp notification starting
batch acquisition of 0 triggers
Calling execute on job contnet_loader.ContentLoader
Checking for new content
batch acquisition of 0 triggers
batch acquisition of 0 triggers
batch acquisition of 0 triggers
batch acquisition of 1 triggers
Producing instance of Job 'contnet_loader.ContentLoader', class=com.smk.sdp.contentloader.ContentLoader
Sdp notification starting
batch acquisition of 0 triggers
Calling execute on job contnet_loader.ContentLoader
Checking for new content
batch acquisition of 0 triggers
batch acquisition of 0 triggers
batch acquisition of 0 triggers
batch acquisition of 1 triggers
Producing instance of Job 'contnet_loader.ContentLoader', class=com.smk.sdp.contentloader.ContentLoader
Sdp notification starting
batch acquisition of 0 triggers
Calling execute on job contnet_loader.ContentLoader
Checking for new content
batch acquisition of 0 triggers
batch acquisition of 0 triggers
batch acquisition of 0 triggers
batch acquisition of 1 triggers
Producing instance of Job 'contnet_loader.ContentLoader', class=com.smk.sdp.contentloader.ContentLoader
Sdp notification starting
batch acquisition of 0 triggers
Calling execute on job contnet_loader.ContentLoader
Checking for new content
batch acquisition of 0 triggers
batch acquisition of 0 triggers
batch acquisition of 0 triggers
batch acquisition of 1 triggers
Producing instance of Job 'contnet_loader.ContentLoader', class=com.smk.sdp.contentloader.ContentLoader
Sdp notification starting
batch acquisition of 0 triggers
Calling execute on job contnet_loader.ContentLoader
Checking for new content
batch acquisition of 0 triggers
batch acquisition of 0 triggers
batch acquisition of 0 triggers
batch acquisition of 1 triggers
Producing instance of Job 'contnet_loader.ContentLoader', class=com.smk.sdp.contentloader.ContentLoader
Sdp notification starting
batch acquisition of 0 triggers
Calling execute on job contnet_loader.ContentLoader
Checking for new content
batch acquisition of 0 triggers
batch acquisition of 0 triggers
batch acquisition of 0 triggers
batch acquisition of 1 triggers
Producing instance of Job 'contnet_loader.ContentLoader', class=com.smk.sdp.contentloader.ContentLoader
Sdp notification starting
batch acquisition of 0 triggers
Calling execute on job contnet_loader.ContentLoader
Checking for new content
batch acquisition of 0 triggers
batch acquisition of 0 triggers
batch acquisition of 0 triggers
batch acquisition of 1 triggers
Producing instance of Job 'contnet_loader.ContentLoader', class=com.smk.sdp.contentloader.ContentLoader
Sdp notification starting
batch acquisition of 0 triggers
Calling execute on job contnet_loader.ContentLoader
Checking for new content
batch acquisition of 0 triggers
batch acquisition of 0 triggers
batch acquisition of 0 triggers
batch acquisition of 1 triggers
Producing instance of Job 'contnet_loader.ContentLoader', class=com.smk.sdp.contentloader.ContentLoader
Sdp notification starting
batch acquisition of 0 triggers
Calling execute on job contnet_loader.ContentLoader
Checking for new content
batch acquisition of 0 triggers
batch acquisition of 0 triggers
batch acquisition of 0 triggers
batch acquisition of 1 triggers
Producing instance of Job 'contnet_loader.ContentLoader', class=com.smk.sdp.contentloader.ContentLoader
Sdp notification starting
batch acquisition of 0 triggers
Calling execute on job contnet_loader.ContentLoader
Checking for new content
batch acquisition of 0 triggers
batch acquisition of 0 triggers
batch acquisition of 0 triggers
batch acquisition of 1 triggers
Producing instance of Job 'contnet_loader.ContentLoader', class=com.smk.sdp.contentloader.ContentLoader
Sdp notification starting
batch acquisition of 0 triggers
Calling execute on job contnet_loader.ContentLoader
Checking for new content
batch acquisition of 0 triggers
batch acquisition of 0 triggers
batch acquisition of 0 triggers
batch acquisition of 1 triggers
Producing instance of Job 'contnet_loader.ContentLoader', class=com.smk.sdp.contentloader.ContentLoader
Sdp notification starting
batch acquisition of 0 triggers
Calling execute on job contnet_loader.ContentLoader
Checking for new content
batch acquisition of 0 triggers
batch acquisition of 0 triggers
batch acquisition of 0 triggers
batch acquisition of 1 triggers
Producing instance of Job 'contnet_loader.ContentLoader', class=com.smk.sdp.contentloader.ContentLoader
Sdp notification starting
batch acquisition of 0 triggers
Calling execute on job contnet_loader.ContentLoader
Checking for new content
batch acquisition of 0 triggers
batch acquisition of 0 triggers
batch acquisition of 0 triggers
batch acquisition of 1 triggers
Producing instance of Job 'contnet_loader.ContentLoader', class=com.smk.sdp.contentloader.ContentLoader
Sdp notification starting
batch acquisition of 0 triggers
Calling execute on job contnet_loader.ContentLoader
Checking for new content
batch acquisition of 0 triggers
batch acquisition of 0 triggers
batch acquisition of 0 triggers
batch acquisition of 1 triggers
Producing instance of Job 'contnet_loader.ContentLoader', class=com.smk.sdp.contentloader.ContentLoader
Sdp notification starting
batch acquisition of 0 triggers
Calling execute on job contnet_loader.ContentLoader
Checking for new content
batch acquisition of 0 triggers
batch acquisition of 0 triggers
batch acquisition of 0 triggers
batch acquisition of 1 triggers
Producing instance of Job 'contnet_loader.ContentLoader', class=com.smk.sdp.contentloader.ContentLoader
Sdp notification starting
batch acquisition of 0 triggers
Calling execute on job contnet_loader.ContentLoader
Checking for new content
batch acquisition of 0 triggers
batch acquisition of 0 triggers
batch acquisition of 0 triggers
batch acquisition of 1 triggers
Producing instance of Job 'contnet_loader.ContentLoader', class=com.smk.sdp.contentloader.ContentLoader
Sdp notification starting
batch acquisition of 0 triggers
Calling execute on job contnet_loader.ContentLoader
Checking for new content
batch acquisition of 0 triggers
batch acquisition of 0 triggers
batch acquisition of 0 triggers
batch acquisition of 1 triggers
Producing instance of Job 'contnet_loader.ContentLoader', class=com.smk.sdp.contentloader.ContentLoader
Sdp notification starting
batch acquisition of 0 triggers
Calling execute on job contnet_loader.ContentLoader
Checking for new content
batch acquisition of 0 triggers
batch acquisition of 0 triggers
batch acquisition of 0 triggers
batch acquisition of 1 triggers
Producing instance of Job 'contnet_loader.ContentLoader', class=com.smk.sdp.contentloader.ContentLoader
Sdp notification starting
batch acquisition of 0 triggers
Calling execute on job contnet_loader.ContentLoader
Checking for new content
batch acquisition of 0 triggers
batch acquisition of 0 triggers
batch acquisition of 0 triggers
batch acquisition of 1 triggers
Producing instance of Job 'contnet_loader.ContentLoader', class=com.smk.sdp.contentloader.ContentLoader
Sdp notification starting
batch acquisition of 0 triggers
Calling execute on job contnet_loader.ContentLoader
Checking for new content
batch acquisition of 0 triggers
batch acquisition of 0 triggers
batch acquisition of 0 triggers
batch acquisition of 1 triggers
Producing instance of Job 'contnet_loader.ContentLoader', class=com.smk.sdp.contentloader.ContentLoader
Sdp notification starting
batch acquisition of 0 triggers
Calling execute on job contnet_loader.ContentLoader
Checking for new content
batch acquisition of 0 triggers
batch acquisition of 0 triggers
batch acquisition of 0 triggers
batch acquisition of 1 triggers
Producing instance of Job 'contnet_loader.ContentLoader', class=com.smk.sdp.contentloader.ContentLoader
Sdp notification starting
batch acquisition of 0 triggers
Calling execute on job contnet_loader.ContentLoader
Checking for new content
batch acquisition of 0 triggers
batch acquisition of 0 triggers
batch acquisition of 0 triggers
batch acquisition of 1 triggers
Producing instance of Job 'contnet_loader.ContentLoader', class=com.smk.sdp.contentloader.ContentLoader
Sdp notification starting
batch acquisition of 0 triggers
Calling execute on job contnet_loader.ContentLoader
Checking for new content
batch acquisition of 0 triggers
batch acquisition of 0 triggers
batch acquisition of 0 triggers
batch acquisition of 1 triggers
Producing instance of Job 'contnet_loader.ContentLoader', class=com.smk.sdp.contentloader.ContentLoader
Sdp notification starting
batch acquisition of 0 triggers
Calling execute on job contnet_loader.ContentLoader
Checking for new content
batch acquisition of 0 triggers
batch acquisition of 0 triggers
batch acquisition of 0 triggers
batch acquisition of 1 triggers
Producing instance of Job 'contnet_loader.ContentLoader', class=com.smk.sdp.contentloader.ContentLoader
Sdp notification starting
batch acquisition of 0 triggers
Calling execute on job contnet_loader.ContentLoader
Checking for new content
batch acquisition of 0 triggers
batch acquisition of 0 triggers
batch acquisition of 0 triggers
batch acquisition of 1 triggers
Producing instance of Job 'contnet_loader.ContentLoader', class=com.smk.sdp.contentloader.ContentLoader
Sdp notification starting
batch acquisition of 0 triggers
Calling execute on job contnet_loader.ContentLoader
Checking for new content
batch acquisition of 0 triggers
batch acquisition of 0 triggers
batch acquisition of 0 triggers
batch acquisition of 1 triggers
Producing instance of Job 'contnet_loader.ContentLoader', class=com.smk.sdp.contentloader.ContentLoader
Sdp notification starting
batch acquisition of 0 triggers
Calling execute on job contnet_loader.ContentLoader
Checking for new content
batch acquisition of 0 triggers
batch acquisition of 0 triggers
batch acquisition of 0 triggers
batch acquisition of 1 triggers
Producing instance of Job 'contnet_loader.ContentLoader', class=com.smk.sdp.contentloader.ContentLoader
Sdp notification starting
batch acquisition of 0 triggers
Calling execute on job contnet_loader.ContentLoader
Checking for new content
batch acquisition of 0 triggers
batch acquisition of 0 triggers
batch acquisition of 0 triggers
batch acquisition of 1 triggers
Producing instance of Job 'contnet_loader.ContentLoader', class=com.smk.sdp.contentloader.ContentLoader
Sdp notification starting
batch acquisition of 0 triggers
Calling execute on job contnet_loader.ContentLoader
Checking for new content
batch acquisition of 0 triggers
batch acquisition of 0 triggers
batch acquisition of 0 triggers
batch acquisition of 1 triggers
Producing instance of Job 'contnet_loader.ContentLoader', class=com.smk.sdp.contentloader.ContentLoader
Sdp notification starting
batch acquisition of 0 triggers
Calling execute on job contnet_loader.ContentLoader
Checking for new content
batch acquisition of 0 triggers
batch acquisition of 0 triggers
batch acquisition of 0 triggers
batch acquisition of 1 triggers
Producing instance of Job 'contnet_loader.ContentLoader', class=com.smk.sdp.contentloader.ContentLoader
Sdp notification starting
batch acquisition of 0 triggers
Calling execute on job contnet_loader.ContentLoader
Checking for new content
batch acquisition of 0 triggers
batch acquisition of 0 triggers
batch acquisition of 0 triggers
batch acquisition of 1 triggers
Producing instance of Job 'contnet_loader.ContentLoader', class=com.smk.sdp.contentloader.ContentLoader
Sdp notification starting
batch acquisition of 0 triggers
Calling execute on job contnet_loader.ContentLoader
Checking for new content
batch acquisition of 0 triggers
batch acquisition of 0 triggers
batch acquisition of 0 triggers
batch acquisition of 1 triggers
Producing instance of Job 'contnet_loader.ContentLoader', class=com.smk.sdp.contentloader.ContentLoader
Sdp notification starting
batch acquisition of 0 triggers
Calling execute on job contnet_loader.ContentLoader
Checking for new content
batch acquisition of 0 triggers
batch acquisition of 0 triggers
batch acquisition of 0 triggers
batch acquisition of 1 triggers
Producing instance of Job 'contnet_loader.ContentLoader', class=com.smk.sdp.contentloader.ContentLoader
Sdp notification starting
batch acquisition of 0 triggers
Calling execute on job contnet_loader.ContentLoader
Checking for new content
batch acquisition of 0 triggers
batch acquisition of 0 triggers
batch acquisition of 0 triggers
batch acquisition of 1 triggers
Producing instance of Job 'contnet_loader.ContentLoader', class=com.smk.sdp.contentloader.ContentLoader
Sdp notification starting
batch acquisition of 0 triggers
Calling execute on job contnet_loader.ContentLoader
Checking for new content
batch acquisition of 0 triggers
batch acquisition of 0 triggers
batch acquisition of 0 triggers
batch acquisition of 1 triggers
Producing instance of Job 'contnet_loader.ContentLoader', class=com.smk.sdp.contentloader.ContentLoader
Sdp notification starting
batch acquisition of 0 triggers
Calling execute on job contnet_loader.ContentLoader
Checking for new content
batch acquisition of 0 triggers
batch acquisition of 0 triggers
batch acquisition of 0 triggers
batch acquisition of 1 triggers
Producing instance of Job 'contnet_loader.ContentLoader', class=com.smk.sdp.contentloader.ContentLoader
Sdp notification starting
batch acquisition of 0 triggers
Calling execute on job contnet_loader.ContentLoader
Checking for new content
batch acquisition of 0 triggers
batch acquisition of 0 triggers
batch acquisition of 0 triggers
batch acquisition of 1 triggers
Producing instance of Job 'contnet_loader.ContentLoader', class=com.smk.sdp.contentloader.ContentLoader
Sdp notification starting
batch acquisition of 0 triggers
Calling execute on job contnet_loader.ContentLoader
Checking for new content
batch acquisition of 0 triggers
batch acquisition of 0 triggers
batch acquisition of 0 triggers
batch acquisition of 1 triggers
Producing instance of Job 'contnet_loader.ContentLoader', class=com.smk.sdp.contentloader.ContentLoader
Sdp notification starting
batch acquisition of 0 triggers
Calling execute on job contnet_loader.ContentLoader
Checking for new content
batch acquisition of 0 triggers
batch acquisition of 0 triggers
batch acquisition of 0 triggers
batch acquisition of 1 triggers
Producing instance of Job 'contnet_loader.ContentLoader', class=com.smk.sdp.contentloader.ContentLoader
Sdp notification starting
batch acquisition of 0 triggers
Calling execute on job contnet_loader.ContentLoader
Checking for new content
batch acquisition of 0 triggers
batch acquisition of 0 triggers
batch acquisition of 0 triggers
batch acquisition of 1 triggers
Producing instance of Job 'contnet_loader.ContentLoader', class=com.smk.sdp.contentloader.ContentLoader
Sdp notification starting
batch acquisition of 0 triggers
Calling execute on job contnet_loader.ContentLoader
Checking for new content
batch acquisition of 0 triggers
batch acquisition of 0 triggers
batch acquisition of 0 triggers
batch acquisition of 1 triggers
Producing instance of Job 'contnet_loader.ContentLoader', class=com.smk.sdp.contentloader.ContentLoader
Sdp notification starting
batch acquisition of 0 triggers
Calling execute on job contnet_loader.ContentLoader
Checking for new content
batch acquisition of 0 triggers
batch acquisition of 0 triggers
batch acquisition of 0 triggers
batch acquisition of 1 triggers
Producing instance of Job 'contnet_loader.ContentLoader', class=com.smk.sdp.contentloader.ContentLoader
Sdp notification starting
batch acquisition of 0 triggers
Calling execute on job contnet_loader.ContentLoader
Checking for new content
batch acquisition of 0 triggers
batch acquisition of 0 triggers
batch acquisition of 0 triggers
batch acquisition of 1 triggers
Producing instance of Job 'contnet_loader.ContentLoader', class=com.smk.sdp.contentloader.ContentLoader
Sdp notification starting
batch acquisition of 0 triggers
Calling execute on job contnet_loader.ContentLoader
Checking for new content
batch acquisition of 0 triggers
batch acquisition of 0 triggers
batch acquisition of 0 triggers
batch acquisition of 1 triggers
Producing instance of Job 'contnet_loader.ContentLoader', class=com.smk.sdp.contentloader.ContentLoader
Sdp notification starting
batch acquisition of 0 triggers
Calling execute on job contnet_loader.ContentLoader
Checking for new content
batch acquisition of 0 triggers
batch acquisition of 0 triggers
batch acquisition of 0 triggers
batch acquisition of 1 triggers
Producing instance of Job 'contnet_loader.ContentLoader', class=com.smk.sdp.contentloader.ContentLoader
Sdp notification starting
batch acquisition of 0 triggers
Calling execute on job contnet_loader.ContentLoader
Checking for new content
batch acquisition of 0 triggers
batch acquisition of 0 triggers
batch acquisition of 0 triggers
batch acquisition of 1 triggers
Producing instance of Job 'contnet_loader.ContentLoader', class=com.smk.sdp.contentloader.ContentLoader
Sdp notification starting
batch acquisition of 0 triggers
Calling execute on job contnet_loader.ContentLoader
Checking for new content
batch acquisition of 0 triggers
batch acquisition of 0 triggers
batch acquisition of 0 triggers
batch acquisition of 1 triggers
Producing instance of Job 'contnet_loader.ContentLoader', class=com.smk.sdp.contentloader.ContentLoader
Sdp notification starting
batch acquisition of 0 triggers
Calling execute on job contnet_loader.ContentLoader
Checking for new content
batch acquisition of 0 triggers
batch acquisition of 0 triggers
batch acquisition of 0 triggers
batch acquisition of 1 triggers
Producing instance of Job 'contnet_loader.ContentLoader', class=com.smk.sdp.contentloader.ContentLoader
Sdp notification starting
batch acquisition of 0 triggers
Calling execute on job contnet_loader.ContentLoader
Checking for new content
batch acquisition of 0 triggers
batch acquisition of 0 triggers
batch acquisition of 0 triggers
batch acquisition of 1 triggers
Producing instance of Job 'contnet_loader.ContentLoader', class=com.smk.sdp.contentloader.ContentLoader
Sdp notification starting
batch acquisition of 0 triggers
Calling execute on job contnet_loader.ContentLoader
Checking for new content
batch acquisition of 0 triggers
batch acquisition of 0 triggers
batch acquisition of 0 triggers
batch acquisition of 1 triggers
Producing instance of Job 'contnet_loader.ContentLoader', class=com.smk.sdp.contentloader.ContentLoader
Sdp notification starting
batch acquisition of 0 triggers
Calling execute on job contnet_loader.ContentLoader
Checking for new content
batch acquisition of 0 triggers
batch acquisition of 0 triggers
batch acquisition of 0 triggers
batch acquisition of 1 triggers
Producing instance of Job 'contnet_loader.ContentLoader', class=com.smk.sdp.contentloader.ContentLoader
Sdp notification starting
batch acquisition of 0 triggers
Calling execute on job contnet_loader.ContentLoader
Checking for new content
batch acquisition of 0 triggers
batch acquisition of 0 triggers
batch acquisition of 0 triggers
batch acquisition of 1 triggers
Producing instance of Job 'contnet_loader.ContentLoader', class=com.smk.sdp.contentloader.ContentLoader
Sdp notification starting
batch acquisition of 0 triggers
Calling execute on job contnet_loader.ContentLoader
Checking for new content
batch acquisition of 0 triggers
batch acquisition of 0 triggers
batch acquisition of 0 triggers
batch acquisition of 1 triggers
Producing instance of Job 'contnet_loader.ContentLoader', class=com.smk.sdp.contentloader.ContentLoader
Sdp notification starting
batch acquisition of 0 triggers
Calling execute on job contnet_loader.ContentLoader
Checking for new content
batch acquisition of 0 triggers
batch acquisition of 0 triggers
batch acquisition of 0 triggers
batch acquisition of 1 triggers
Producing instance of Job 'contnet_loader.ContentLoader', class=com.smk.sdp.contentloader.ContentLoader
Sdp notification starting
batch acquisition of 0 triggers
Calling execute on job contnet_loader.ContentLoader
Checking for new content
batch acquisition of 0 triggers
batch acquisition of 0 triggers
batch acquisition of 0 triggers
batch acquisition of 1 triggers
Producing instance of Job 'contnet_loader.ContentLoader', class=com.smk.sdp.contentloader.ContentLoader
Sdp notification starting
batch acquisition of 0 triggers
Calling execute on job contnet_loader.ContentLoader
Checking for new content
batch acquisition of 0 triggers
batch acquisition of 0 triggers
batch acquisition of 0 triggers
batch acquisition of 1 triggers
Producing instance of Job 'contnet_loader.ContentLoader', class=com.smk.sdp.contentloader.ContentLoader
Sdp notification starting
batch acquisition of 0 triggers
Calling execute on job contnet_loader.ContentLoader
Checking for new content
batch acquisition of 0 triggers
batch acquisition of 0 triggers
batch acquisition of 0 triggers
batch acquisition of 1 triggers
Producing instance of Job 'contnet_loader.ContentLoader', class=com.smk.sdp.contentloader.ContentLoader
Sdp notification starting
batch acquisition of 0 triggers
Calling execute on job contnet_loader.ContentLoader
Checking for new content
batch acquisition of 0 triggers
batch acquisition of 0 triggers
sendsms starting
Using default implementation for ThreadExecutor
Job execution threads will use class loader of thread: main
Initialized Scheduler Signaller of type: class org.quartz.core.SchedulerSignalerImpl
Quartz Scheduler v.2.2.1 created.
RAMJobStore initialized.
Scheduler meta-data: Quartz Scheduler (v2.2.1) 'DefaultQuartzScheduler' with instanceId 'NON_CLUSTERED'
  Scheduler class: 'org.quartz.core.QuartzScheduler' - running locally.
  NOT STARTED.
  Currently in standby mode.
  Number of jobs executed: 0
  Using thread pool 'org.quartz.simpl.SimpleThreadPool' - with 10 threads.
  Using job-store 'org.quartz.simpl.RAMJobStore' - which does not support persistence. and is not clustered.

Quartz scheduler 'DefaultQuartzScheduler' initialized from default resource file in Quartz package: 'quartz.properties'
Quartz scheduler version: 2.2.1
Scheduler DefaultQuartzScheduler_$_NON_CLUSTERED started.
batch acquisition of 0 triggers
batch acquisition of 1 triggers
Producing instance of Job 'Vasmaster.SDPNotification', class=com.smk.sdp.notify.Notification
Sdp notification starting
batch acquisition of 0 triggers
Calling execute on job Vasmaster.SDPNotification
Checking new services
Checking for available updated version of Quartz...
Entry: AxisOperation::getInputAction
Exit: AxisOperation::getInputAction null
Entry: AxisOperation::setSoapAction, previous soapAction: null updated soapAction: urn:anonRobustOp
Exit: AxisOperation::setSoapAction
mapActionToOperation: Mapping Action to Operation: action: anonRobustOp; operation: org.apache.axis2.description.RobustOutOnlyAxisOperation@1479febnamed: {http://ws.apache.org/namespaces/axis2}anonRobustOp
DEBUG_FRAME = org.apache.axis2.util.JavaUtils.callStackToString(JavaUtils.java:564)
	DEBUG_FRAME = org.apache.axis2.description.AxisService.mapActionToOperation(AxisService.java:821)
	DEBUG_FRAME = org.apache.axis2.description.AxisService.addOperation(AxisService.java:667)
	DEBUG_FRAME = org.apache.axis2.client.Stub.addAnonymousOperations(Stub.java:236)
	DEBUG_FRAME = org.csapi.www.wsdl.parlayx.sms.notification_manager.v2_3.service.SmsNotificationManagerServiceStub.populateAxisService(SmsNotificationManagerServiceStub.java:39)
	DEBUG_FRAME = org.csapi.www.wsdl.parlayx.sms.notification_manager.v2_3.service.SmsNotificationManagerServiceStub.<init>(SmsNotificationManagerServiceStub.java:163)
	DEBUG_FRAME = org.csapi.www.wsdl.parlayx.sms.notification_manager.v2_3.service.SmsNotificationManagerServiceStub.<init>(SmsNotificationManagerServiceStub.java:152)
	DEBUG_FRAME = org.csapi.www.wsdl.parlayx.sms.notification_manager.v2_3.service.SmsNotificationManagerServiceStub.<init>(SmsNotificationManagerServiceStub.java:205)
	DEBUG_FRAME = com.smk.sdp.notify.Notification.startServiceNotification(Notification.java:96)
	DEBUG_FRAME = com.smk.sdp.notify.Notification.execute(Notification.java:292)
	DEBUG_FRAME = org.quartz.core.JobRunShell.run(JobRunShell.java:202)
	DEBUG_FRAME = org.quartz.simpl.SimpleThreadPool$WorkerThread.run(SimpleThreadPool.java:573)

Entry: AxisOperation::getInputAction
Debug: AxisOperation::getInputAction - using soapAction
Exit: AxisOperation::getInputAction urn:anonRobustOp
mapActionToOperation: Mapping Action to Operation: action: urn:anonRobustOp; operation: org.apache.axis2.description.RobustOutOnlyAxisOperation@1479febnamed: {http://ws.apache.org/namespaces/axis2}anonRobustOp
DEBUG_FRAME = org.apache.axis2.util.JavaUtils.callStackToString(JavaUtils.java:564)
	DEBUG_FRAME = org.apache.axis2.description.AxisService.mapActionToOperation(AxisService.java:821)
	DEBUG_FRAME = org.apache.axis2.description.AxisService.addOperation(AxisService.java:671)
	DEBUG_FRAME = org.apache.axis2.client.Stub.addAnonymousOperations(Stub.java:236)
	DEBUG_FRAME = org.csapi.www.wsdl.parlayx.sms.notification_manager.v2_3.service.SmsNotificationManagerServiceStub.populateAxisService(SmsNotificationManagerServiceStub.java:39)
	DEBUG_FRAME = org.csapi.www.wsdl.parlayx.sms.notification_manager.v2_3.service.SmsNotificationManagerServiceStub.<init>(SmsNotificationManagerServiceStub.java:163)
	DEBUG_FRAME = org.csapi.www.wsdl.parlayx.sms.notification_manager.v2_3.service.SmsNotificationManagerServiceStub.<init>(SmsNotificationManagerServiceStub.java:152)
	DEBUG_FRAME = org.csapi.www.wsdl.parlayx.sms.notification_manager.v2_3.service.SmsNotificationManagerServiceStub.<init>(SmsNotificationManagerServiceStub.java:205)
	DEBUG_FRAME = com.smk.sdp.notify.Notification.startServiceNotification(Notification.java:96)
	DEBUG_FRAME = com.smk.sdp.notify.Notification.execute(Notification.java:292)
	DEBUG_FRAME = org.quartz.core.JobRunShell.run(JobRunShell.java:202)
	DEBUG_FRAME = org.quartz.simpl.SimpleThreadPool$WorkerThread.run(SimpleThreadPool.java:573)

Client-defined operation name matches default operation name. this may cause interoperability issues.  Name is: {http://ws.apache.org/namespaces/axis2}anonOutonlyOp
Entry: AxisOperation::getInputAction
Exit: AxisOperation::getInputAction null
Entry: AxisOperation::setSoapAction, previous soapAction: null updated soapAction: urn:anonOutonlyOp
Exit: AxisOperation::setSoapAction
mapActionToOperation: Mapping Action to Operation: action: anonOutonlyOp; operation: org.apache.axis2.description.OutOnlyAxisOperation@f11404named: {http://ws.apache.org/namespaces/axis2}anonOutonlyOp
DEBUG_FRAME = org.apache.axis2.util.JavaUtils.callStackToString(JavaUtils.java:564)
	DEBUG_FRAME = org.apache.axis2.description.AxisService.mapActionToOperation(AxisService.java:821)
	DEBUG_FRAME = org.apache.axis2.description.AxisService.addOperation(AxisService.java:667)
	DEBUG_FRAME = org.apache.axis2.client.Stub.addAnonymousOperations(Stub.java:239)
	DEBUG_FRAME = org.csapi.www.wsdl.parlayx.sms.notification_manager.v2_3.service.SmsNotificationManagerServiceStub.populateAxisService(SmsNotificationManagerServiceStub.java:39)
	DEBUG_FRAME = org.csapi.www.wsdl.parlayx.sms.notification_manager.v2_3.service.SmsNotificationManagerServiceStub.<init>(SmsNotificationManagerServiceStub.java:163)
	DEBUG_FRAME = org.csapi.www.wsdl.parlayx.sms.notification_manager.v2_3.service.SmsNotificationManagerServiceStub.<init>(SmsNotificationManagerServiceStub.java:152)
	DEBUG_FRAME = org.csapi.www.wsdl.parlayx.sms.notification_manager.v2_3.service.SmsNotificationManagerServiceStub.<init>(SmsNotificationManagerServiceStub.java:205)
	DEBUG_FRAME = com.smk.sdp.notify.Notification.startServiceNotification(Notification.java:96)
	DEBUG_FRAME = com.smk.sdp.notify.Notification.execute(Notification.java:292)
	DEBUG_FRAME = org.quartz.core.JobRunShell.run(JobRunShell.java:202)
	DEBUG_FRAME = org.quartz.simpl.SimpleThreadPool$WorkerThread.run(SimpleThreadPool.java:573)

Entry: AxisOperation::getInputAction
Debug: AxisOperation::getInputAction - using soapAction
Exit: AxisOperation::getInputAction urn:anonOutonlyOp
mapActionToOperation: Mapping Action to Operation: action: urn:anonOutonlyOp; operation: org.apache.axis2.description.OutOnlyAxisOperation@f11404named: {http://ws.apache.org/namespaces/axis2}anonOutonlyOp
DEBUG_FRAME = org.apache.axis2.util.JavaUtils.callStackToString(JavaUtils.java:564)
	DEBUG_FRAME = org.apache.axis2.description.AxisService.mapActionToOperation(AxisService.java:821)
	DEBUG_FRAME = org.apache.axis2.description.AxisService.addOperation(AxisService.java:671)
	DEBUG_FRAME = org.apache.axis2.client.Stub.addAnonymousOperations(Stub.java:239)
	DEBUG_FRAME = org.csapi.www.wsdl.parlayx.sms.notification_manager.v2_3.service.SmsNotificationManagerServiceStub.populateAxisService(SmsNotificationManagerServiceStub.java:39)
	DEBUG_FRAME = org.csapi.www.wsdl.parlayx.sms.notification_manager.v2_3.service.SmsNotificationManagerServiceStub.<init>(SmsNotificationManagerServiceStub.java:163)
	DEBUG_FRAME = org.csapi.www.wsdl.parlayx.sms.notification_manager.v2_3.service.SmsNotificationManagerServiceStub.<init>(SmsNotificationManagerServiceStub.java:152)
	DEBUG_FRAME = org.csapi.www.wsdl.parlayx.sms.notification_manager.v2_3.service.SmsNotificationManagerServiceStub.<init>(SmsNotificationManagerServiceStub.java:205)
	DEBUG_FRAME = com.smk.sdp.notify.Notification.startServiceNotification(Notification.java:96)
	DEBUG_FRAME = com.smk.sdp.notify.Notification.execute(Notification.java:292)
	DEBUG_FRAME = org.quartz.core.JobRunShell.run(JobRunShell.java:202)
	DEBUG_FRAME = org.quartz.simpl.SimpleThreadPool$WorkerThread.run(SimpleThreadPool.java:573)

Entry: AxisOperation::getInputAction
Exit: AxisOperation::getInputAction null
Entry: AxisOperation::setSoapAction, previous soapAction: null updated soapAction: urn:anonOutInOp
Exit: AxisOperation::setSoapAction
mapActionToOperation: Mapping Action to Operation: action: anonOutInOp; operation: org.apache.axis2.description.OutInAxisOperation@1592174named: {http://ws.apache.org/namespaces/axis2}anonOutInOp
DEBUG_FRAME = org.apache.axis2.util.JavaUtils.callStackToString(JavaUtils.java:564)
	DEBUG_FRAME = org.apache.axis2.description.AxisService.mapActionToOperation(AxisService.java:821)
	DEBUG_FRAME = org.apache.axis2.description.AxisService.addOperation(AxisService.java:667)
	DEBUG_FRAME = org.apache.axis2.client.Stub.addAnonymousOperations(Stub.java:242)
	DEBUG_FRAME = org.csapi.www.wsdl.parlayx.sms.notification_manager.v2_3.service.SmsNotificationManagerServiceStub.populateAxisService(SmsNotificationManagerServiceStub.java:39)
	DEBUG_FRAME = org.csapi.www.wsdl.parlayx.sms.notification_manager.v2_3.service.SmsNotificationManagerServiceStub.<init>(SmsNotificationManagerServiceStub.java:163)
	DEBUG_FRAME = org.csapi.www.wsdl.parlayx.sms.notification_manager.v2_3.service.SmsNotificationManagerServiceStub.<init>(SmsNotificationManagerServiceStub.java:152)
	DEBUG_FRAME = org.csapi.www.wsdl.parlayx.sms.notification_manager.v2_3.service.SmsNotificationManagerServiceStub.<init>(SmsNotificationManagerServiceStub.java:205)
	DEBUG_FRAME = com.smk.sdp.notify.Notification.startServiceNotification(Notification.java:96)
	DEBUG_FRAME = com.smk.sdp.notify.Notification.execute(Notification.java:292)
	DEBUG_FRAME = org.quartz.core.JobRunShell.run(JobRunShell.java:202)
	DEBUG_FRAME = org.quartz.simpl.SimpleThreadPool$WorkerThread.run(SimpleThreadPool.java:573)

Entry: AxisOperation::getInputAction
Debug: AxisOperation::getInputAction - using soapAction
Exit: AxisOperation::getInputAction urn:anonOutInOp
mapActionToOperation: Mapping Action to Operation: action: urn:anonOutInOp; operation: org.apache.axis2.description.OutInAxisOperation@1592174named: {http://ws.apache.org/namespaces/axis2}anonOutInOp
DEBUG_FRAME = org.apache.axis2.util.JavaUtils.callStackToString(JavaUtils.java:564)
	DEBUG_FRAME = org.apache.axis2.description.AxisService.mapActionToOperation(AxisService.java:821)
	DEBUG_FRAME = org.apache.axis2.description.AxisService.addOperation(AxisService.java:671)
	DEBUG_FRAME = org.apache.axis2.client.Stub.addAnonymousOperations(Stub.java:242)
	DEBUG_FRAME = org.csapi.www.wsdl.parlayx.sms.notification_manager.v2_3.service.SmsNotificationManagerServiceStub.populateAxisService(SmsNotificationManagerServiceStub.java:39)
	DEBUG_FRAME = org.csapi.www.wsdl.parlayx.sms.notification_manager.v2_3.service.SmsNotificationManagerServiceStub.<init>(SmsNotificationManagerServiceStub.java:163)
	DEBUG_FRAME = org.csapi.www.wsdl.parlayx.sms.notification_manager.v2_3.service.SmsNotificationManagerServiceStub.<init>(SmsNotificationManagerServiceStub.java:152)
	DEBUG_FRAME = org.csapi.www.wsdl.parlayx.sms.notification_manager.v2_3.service.SmsNotificationManagerServiceStub.<init>(SmsNotificationManagerServiceStub.java:205)
	DEBUG_FRAME = com.smk.sdp.notify.Notification.startServiceNotification(Notification.java:96)
	DEBUG_FRAME = com.smk.sdp.notify.Notification.execute(Notification.java:292)
	DEBUG_FRAME = org.quartz.core.JobRunShell.run(JobRunShell.java:202)
	DEBUG_FRAME = org.quartz.simpl.SimpleThreadPool$WorkerThread.run(SimpleThreadPool.java:573)

Entry: AxisOperation::getInputAction
Exit: AxisOperation::getInputAction null
Entry: AxisOperation::setSoapAction, previous soapAction: null updated soapAction: urn:stopSmsNotification
Exit: AxisOperation::setSoapAction
mapActionToOperation: Mapping Action to Operation: action: stopSmsNotification; operation: org.apache.axis2.description.OutInAxisOperation@a352a5named: {http://www.csapi.org/wsdl/parlayx/sms/notification_manager/v2_3/interface}stopSmsNotification
DEBUG_FRAME = org.apache.axis2.util.JavaUtils.callStackToString(JavaUtils.java:564)
	DEBUG_FRAME = org.apache.axis2.description.AxisService.mapActionToOperation(AxisService.java:821)
	DEBUG_FRAME = org.apache.axis2.description.AxisService.addOperation(AxisService.java:667)
	DEBUG_FRAME = org.csapi.www.wsdl.parlayx.sms.notification_manager.v2_3.service.SmsNotificationManagerServiceStub.populateAxisService(SmsNotificationManagerServiceStub.java:52)
	DEBUG_FRAME = org.csapi.www.wsdl.parlayx.sms.notification_manager.v2_3.service.SmsNotificationManagerServiceStub.<init>(SmsNotificationManagerServiceStub.java:163)
	DEBUG_FRAME = org.csapi.www.wsdl.parlayx.sms.notification_manager.v2_3.service.SmsNotificationManagerServiceStub.<init>(SmsNotificationManagerServiceStub.java:152)
	DEBUG_FRAME = org.csapi.www.wsdl.parlayx.sms.notification_manager.v2_3.service.SmsNotificationManagerServiceStub.<init>(SmsNotificationManagerServiceStub.java:205)
	DEBUG_FRAME = com.smk.sdp.notify.Notification.startServiceNotification(Notification.java:96)
	DEBUG_FRAME = com.smk.sdp.notify.Notification.execute(Notification.java:292)
	DEBUG_FRAME = org.quartz.core.JobRunShell.run(JobRunShell.java:202)
	DEBUG_FRAME = org.quartz.simpl.SimpleThreadPool$WorkerThread.run(SimpleThreadPool.java:573)

Entry: AxisOperation::getInputAction
Debug: AxisOperation::getInputAction - using soapAction
Exit: AxisOperation::getInputAction urn:stopSmsNotification
mapActionToOperation: Mapping Action to Operation: action: urn:stopSmsNotification; operation: org.apache.axis2.description.OutInAxisOperation@a352a5named: {http://www.csapi.org/wsdl/parlayx/sms/notification_manager/v2_3/interface}stopSmsNotification
DEBUG_FRAME = org.apache.axis2.util.JavaUtils.callStackToString(JavaUtils.java:564)
	DEBUG_FRAME = org.apache.axis2.description.AxisService.mapActionToOperation(AxisService.java:821)
	DEBUG_FRAME = org.apache.axis2.description.AxisService.addOperation(AxisService.java:671)
	DEBUG_FRAME = org.csapi.www.wsdl.parlayx.sms.notification_manager.v2_3.service.SmsNotificationManagerServiceStub.populateAxisService(SmsNotificationManagerServiceStub.java:52)
	DEBUG_FRAME = org.csapi.www.wsdl.parlayx.sms.notification_manager.v2_3.service.SmsNotificationManagerServiceStub.<init>(SmsNotificationManagerServiceStub.java:163)
	DEBUG_FRAME = org.csapi.www.wsdl.parlayx.sms.notification_manager.v2_3.service.SmsNotificationManagerServiceStub.<init>(SmsNotificationManagerServiceStub.java:152)
	DEBUG_FRAME = org.csapi.www.wsdl.parlayx.sms.notification_manager.v2_3.service.SmsNotificationManagerServiceStub.<init>(SmsNotificationManagerServiceStub.java:205)
	DEBUG_FRAME = com.smk.sdp.notify.Notification.startServiceNotification(Notification.java:96)
	DEBUG_FRAME = com.smk.sdp.notify.Notification.execute(Notification.java:292)
	DEBUG_FRAME = org.quartz.core.JobRunShell.run(JobRunShell.java:202)
	DEBUG_FRAME = org.quartz.simpl.SimpleThreadPool$WorkerThread.run(SimpleThreadPool.java:573)

Entry: AxisOperation::getInputAction
Exit: AxisOperation::getInputAction null
Entry: AxisOperation::setSoapAction, previous soapAction: null updated soapAction: urn:startSmsNotification
Exit: AxisOperation::setSoapAction
mapActionToOperation: Mapping Action to Operation: action: startSmsNotification; operation: org.apache.axis2.description.OutInAxisOperation@86fe26named: {http://www.csapi.org/wsdl/parlayx/sms/notification_manager/v2_3/interface}startSmsNotification
DEBUG_FRAME = org.apache.axis2.util.JavaUtils.callStackToString(JavaUtils.java:564)
	DEBUG_FRAME = org.apache.axis2.description.AxisService.mapActionToOperation(AxisService.java:821)
	DEBUG_FRAME = org.apache.axis2.description.AxisService.addOperation(AxisService.java:667)
	DEBUG_FRAME = org.csapi.www.wsdl.parlayx.sms.notification_manager.v2_3.service.SmsNotificationManagerServiceStub.populateAxisService(SmsNotificationManagerServiceStub.java:62)
	DEBUG_FRAME = org.csapi.www.wsdl.parlayx.sms.notification_manager.v2_3.service.SmsNotificationManagerServiceStub.<init>(SmsNotificationManagerServiceStub.java:163)
	DEBUG_FRAME = org.csapi.www.wsdl.parlayx.sms.notification_manager.v2_3.service.SmsNotificationManagerServiceStub.<init>(SmsNotificationManagerServiceStub.java:152)
	DEBUG_FRAME = org.csapi.www.wsdl.parlayx.sms.notification_manager.v2_3.service.SmsNotificationManagerServiceStub.<init>(SmsNotificationManagerServiceStub.java:205)
	DEBUG_FRAME = com.smk.sdp.notify.Notification.startServiceNotification(Notification.java:96)
	DEBUG_FRAME = com.smk.sdp.notify.Notification.execute(Notification.java:292)
	DEBUG_FRAME = org.quartz.core.JobRunShell.run(JobRunShell.java:202)
	DEBUG_FRAME = org.quartz.simpl.SimpleThreadPool$WorkerThread.run(SimpleThreadPool.java:573)

Entry: AxisOperation::getInputAction
Debug: AxisOperation::getInputAction - using soapAction
Exit: AxisOperation::getInputAction urn:startSmsNotification
mapActionToOperation: Mapping Action to Operation: action: urn:startSmsNotification; operation: org.apache.axis2.description.OutInAxisOperation@86fe26named: {http://www.csapi.org/wsdl/parlayx/sms/notification_manager/v2_3/interface}startSmsNotification
DEBUG_FRAME = org.apache.axis2.util.JavaUtils.callStackToString(JavaUtils.java:564)
	DEBUG_FRAME = org.apache.axis2.description.AxisService.mapActionToOperation(AxisService.java:821)
	DEBUG_FRAME = org.apache.axis2.description.AxisService.addOperation(AxisService.java:671)
	DEBUG_FRAME = org.csapi.www.wsdl.parlayx.sms.notification_manager.v2_3.service.SmsNotificationManagerServiceStub.populateAxisService(SmsNotificationManagerServiceStub.java:62)
	DEBUG_FRAME = org.csapi.www.wsdl.parlayx.sms.notification_manager.v2_3.service.SmsNotificationManagerServiceStub.<init>(SmsNotificationManagerServiceStub.java:163)
	DEBUG_FRAME = org.csapi.www.wsdl.parlayx.sms.notification_manager.v2_3.service.SmsNotificationManagerServiceStub.<init>(SmsNotificationManagerServiceStub.java:152)
	DEBUG_FRAME = org.csapi.www.wsdl.parlayx.sms.notification_manager.v2_3.service.SmsNotificationManagerServiceStub.<init>(SmsNotificationManagerServiceStub.java:205)
	DEBUG_FRAME = com.smk.sdp.notify.Notification.startServiceNotification(Notification.java:96)
	DEBUG_FRAME = com.smk.sdp.notify.Notification.execute(Notification.java:292)
	DEBUG_FRAME = org.quartz.core.JobRunShell.run(JobRunShell.java:202)
	DEBUG_FRAME = org.quartz.simpl.SimpleThreadPool$WorkerThread.run(SimpleThreadPool.java:573)

OnDemandLogger initialized for class org.apache.axis2.context.AbstractContext is:org.apache.commons.logging.impl.Log4JLogger@c68c3
Trying to find [org/apache/axis2/deployment/axis2_default.xml] using sun.misc.Launcher$AppClassLoader@35ce36 class loader.
About to create XMLInputFactory implementation with classloader=sun.misc.Launcher$AppClassLoader@35ce36
The classloader for javax.xml.stream.XMLInputFactory is: null
StAX implementation at jar:file:/E:/code_lib/Axis2/axis2-1.6.2/lib/wstx-asl-3.2.9.jar!/ is:
  Title:         WoodSToX XML-processor
  Symbolic name: null
  Vendor:        woodstox.codehaus.org
  Version:       3.2.9
Detected StAX dialect: Woodstox
Created XMLInputFactory = class org.apache.axiom.util.stax.wrapper.ImmutableXMLInputFactory with classloader=sun.misc.Launcher$AppClassLoader@35ce36
Configuration = DEFAULT
Size of XMLInputFactory map for this configuration = 1
Configurations for which factories have been cached = [DEFAULT]
XMLStreamReader is org.apache.axiom.util.stax.dialect.WoodstoxStreamReaderWrapper
Builder is already complete.
Handler RequestURIBasedDispatcher added to Phase Transport
Handler SOAPActionBasedDispatcher added to Phase Transport
Handler AddressingBasedDispatcher added to Phase Addressing
Handler RequestURIBasedDispatcher added to Phase Dispatch
Handler SOAPActionBasedDispatcher added to Phase Dispatch
Handler RequestURIOperationDispatcher added to Phase Dispatch
Handler SOAPMessageBodyBasedDispatcher added to Phase Dispatch
Handler HTTPLocationBasedDispatcher added to Phase Dispatch
Handler RequestURIBasedDispatcher added to Phase Transport
Handler SOAPActionBasedDispatcher added to Phase Transport
Handler AddressingBasedDispatcher added to Phase Addressing
Handler RequestURIBasedDispatcher added to Phase Dispatch
Handler SOAPActionBasedDispatcher added to Phase Dispatch
Handler RequestURIOperationDispatcher added to Phase Dispatch
Handler SOAPMessageBodyBasedDispatcher added to Phase Dispatch
Handler HTTPLocationBasedDispatcher added to Phase Dispatch
Adding service to allServices map: [SmsNotificationManagerService1407274208052_1] 
AxisOperation::getSoapAction urn:anonOutInOp
AxisOperation::getSoapAction urn:stopSmsNotification
AxisOperation::getSoapAction urn:anonRobustOp
AxisOperation::getSoapAction urn:anonOutonlyOp
AxisOperation::getSoapAction urn:startSmsNotification
AxisOperation::getSoapAction urn:anonOutInOp
AxisOperation::getSoapAction urn:stopSmsNotification
AxisOperation::getSoapAction urn:anonRobustOp
AxisOperation::getSoapAction urn:anonOutonlyOp
AxisOperation::getSoapAction urn:startSmsNotification
Adding service to allEndpoints map: (SmsNotificationManagerService1407274208052_1,SmsNotificationManagerService1407274208052_1HttpSoap11Endpoint) 
Adding service to allEndpoints map: (SmsNotificationManagerService1407274208052_1,SmsNotificationManagerService1407274208052_1HttpSoap12Endpoint) 
Adding service to allEndpoints map: (SmsNotificationManagerService1407274208052_1,SmsNotificationManagerService1407274208052_1HttpEndpoint) 
After adding to allEndpoints map, size is 3
Get operation for {http://www.csapi.org/wsdl/parlayx/sms/notification_manager/v2_3/interface}startSmsNotification
Found axis operation:  org.apache.axis2.description.OutInAxisOperation@86fe26
setAction Old action is (null)
setAction New action is (http://www.csapi.org/wsdl/parlayx/sms/notification_manager/v2_3/interface/SmsNotificationManager/startSmsNotificationRequest)
org.apache.axiom.soap.SOAPProcessingException: An attempt was made to add a normal OMElement as a child of a SOAPHeader.  This is not supported.  The child should be a SOAPHeaderBlock.
	at org.apache.axiom.soap.impl.llom.SOAPHeaderImpl.addChild(SOAPHeaderImpl.java:186)
	at org.apache.axis2.client.ServiceClient.addHeadersToEnvelope(ServiceClient.java:738)
	at org.csapi.www.wsdl.parlayx.sms.notification_manager.v2_3.service.SmsNotificationManagerServiceStub.startSmsNotification(SmsNotificationManagerServiceStub.java:611)
	at com.smk.sdp.notify.Notification.startServiceNotification(Notification.java:155)
	at com.smk.sdp.notify.Notification.execute(Notification.java:292)
	at org.quartz.core.JobRunShell.run(JobRunShell.java:202)
	at org.quartz.simpl.SimpleThreadPool$WorkerThread.run(SimpleThreadPool.java:573)

OnDemandLogger initialized for class org.apache.axis2.context.ConfigurationContext is:org.apache.commons.logging.impl.Log4JLogger@145c859
registerOperationContext (false): org.apache.axis2.context.OperationContext@64883c with key: urn:uuid:0694b290-4d28-44db-9501-c4c7783633d6
About to create XMLOutputFactory implementation with classloader=sun.misc.Launcher$AppClassLoader@35ce36
The classloader for javax.xml.stream.XMLOutputFactory is: null
Created XMLOutputFactory = class org.apache.axiom.util.stax.wrapper.ImmutableXMLOutputFactory for classloader=sun.misc.Launcher$AppClassLoader@35ce36
Configuration = DEFAULT
Size of XMLOutFactory map for this configuration = 1
Configurations for which factories have been cached = [DEFAULT]
XMLStreamWriter is org.apache.axiom.util.stax.dialect.WoodstoxStreamWriterWrapper
Calling MTOMXMLStreamWriter.flush
Calling MTOMXMLStreamWriter.flush
Entry: OutInAxisOperationClient::execute, true
getAction (null) from org.apache.axis2.client.Options@d0af9b
SoapAction is (null)
getAction (http://www.csapi.org/wsdl/parlayx/sms/notification_manager/v2_3/interface/SmsNotificationManager/startSmsNotificationRequest) from org.apache.axis2.client.Options@b8f8eb
getAction (null) from org.apache.axis2.client.Options@d0af9b
Old SoapAction is (null)
New SoapAction is (http://www.csapi.org/wsdl/parlayx/sms/notification_manager/v2_3/interface/SmsNotificationManager/startSmsNotificationRequest)
setAction Old action is (null)
setAction New action is (http://www.csapi.org/wsdl/parlayx/sms/notification_manager/v2_3/interface/SmsNotificationManager/startSmsNotificationRequest)
OutInAxisOperationClient: useAsyncOption null
registerOperationContext (false): org.apache.axis2.context.OperationContext@64883c with key: urn:uuid:0694b290-4d28-44db-9501-c4c7783633d6
getAction (http://www.csapi.org/wsdl/parlayx/sms/notification_manager/v2_3/interface/SmsNotificationManager/startSmsNotificationRequest) from org.apache.axis2.client.Options@d0af9b
WASAction is (http://www.csapi.org/wsdl/parlayx/sms/notification_manager/v2_3/interface/SmsNotificationManager/startSmsNotificationRequest)
msgContext: [MessageContext: logID=97c6e2699af53f6e897e1a4d2941046ac3964920040e6ff6] action: http://www.csapi.org/wsdl/parlayx/sms/notification_manager/v2_3/interface/SmsNotificationManager/startSmsNotificationRequest
[MessageContext: logID=97c6e2699af53f6e897e1a4d2941046ac3964920040e6ff6] Checking pre-condition for Phase "RMPhase"
[MessageContext: logID=97c6e2699af53f6e897e1a4d2941046ac3964920040e6ff6] Invoking phase "RMPhase"
[MessageContext: logID=97c6e2699af53f6e897e1a4d2941046ac3964920040e6ff6] Checking post-conditions for phase "RMPhase"
[MessageContext: logID=97c6e2699af53f6e897e1a4d2941046ac3964920040e6ff6] Checking pre-condition for Phase "OpPhase"
[MessageContext: logID=97c6e2699af53f6e897e1a4d2941046ac3964920040e6ff6] Invoking phase "OpPhase"
[MessageContext: logID=97c6e2699af53f6e897e1a4d2941046ac3964920040e6ff6] Checking post-conditions for phase "OpPhase"
[MessageContext: logID=97c6e2699af53f6e897e1a4d2941046ac3964920040e6ff6] Checking pre-condition for Phase "OperationOutPhase"
[MessageContext: logID=97c6e2699af53f6e897e1a4d2941046ac3964920040e6ff6] Invoking phase "OperationOutPhase"
[MessageContext: logID=97c6e2699af53f6e897e1a4d2941046ac3964920040e6ff6] Checking post-conditions for phase "OperationOutPhase"
[MessageContext: logID=97c6e2699af53f6e897e1a4d2941046ac3964920040e6ff6] Checking pre-condition for Phase "PolicyDetermination"
[MessageContext: logID=97c6e2699af53f6e897e1a4d2941046ac3964920040e6ff6] Invoking phase "PolicyDetermination"
[MessageContext: logID=97c6e2699af53f6e897e1a4d2941046ac3964920040e6ff6] Checking post-conditions for phase "PolicyDetermination"
[MessageContext: logID=97c6e2699af53f6e897e1a4d2941046ac3964920040e6ff6] Checking pre-condition for Phase "MessageOut"
[MessageContext: logID=97c6e2699af53f6e897e1a4d2941046ac3964920040e6ff6] Invoking phase "MessageOut"
[MessageContext: logID=97c6e2699af53f6e897e1a4d2941046ac3964920040e6ff6] Checking post-conditions for phase "MessageOut"
[MessageContext: logID=97c6e2699af53f6e897e1a4d2941046ac3964920040e6ff6] Checking pre-condition for Phase "Security"
[MessageContext: logID=97c6e2699af53f6e897e1a4d2941046ac3964920040e6ff6] Invoking phase "Security"
[MessageContext: logID=97c6e2699af53f6e897e1a4d2941046ac3964920040e6ff6] Checking post-conditions for phase "Security"
Set parameter http.useragent = Jakarta Commons-HttpClient/3.1
Set parameter http.protocol.version = HTTP/1.1
Set parameter http.connection-manager.class = class org.apache.commons.httpclient.SimpleHttpConnectionManager
Set parameter http.protocol.cookie-policy = default
Set parameter http.protocol.element-charset = US-ASCII
Set parameter http.protocol.content-charset = ISO-8859-1
Set parameter http.method.retry-handler = org.apache.commons.httpclient.DefaultHttpMethodRetryHandler@1f06dc3
Set parameter http.dateparser.patterns = [EEE, dd MMM yyyy HH:mm:ss zzz, EEEE, dd-MMM-yy HH:mm:ss zzz, EEE MMM d HH:mm:ss yyyy, EEE, dd-MMM-yyyy HH:mm:ss z, EEE, dd-MMM-yyyy HH-mm-ss z, EEE, dd MMM yy HH:mm:ss z, EEE dd-MMM-yyyy HH:mm:ss z, EEE dd MMM yyyy HH:mm:ss z, EEE dd-MMM-yyyy HH-mm-ss z, EEE dd-MMM-yy HH:mm:ss z, EEE dd MMM yy HH:mm:ss z, EEE,dd-MMM-yy HH:mm:ss z, EEE,dd-MMM-yyyy HH:mm:ss z, EEE, dd-MM-yyyy HH:mm:ss z]
Java version: 1.6.0_45
Java vendor: Sun Microsystems Inc.
Java class path: E:\GDrive\Development\workspace\vasservice\bin;E:\code_lib\mysql-connector-java-5.1.26\mysql-connector-java-5.1.26-bin.jar;E:\code_lib\Axis2\axis2-1.6.2\lib\activation-1.1.jar;E:\code_lib\Axis2\axis2-1.6.2\lib\antlr-2.7.7.jar;E:\code_lib\Axis2\axis2-1.6.2\lib\apache-mime4j-core-0.7.2.jar;E:\code_lib\Axis2\axis2-1.6.2\lib\axiom-api-1.2.13.jar;E:\code_lib\Axis2\axis2-1.6.2\lib\axiom-dom-1.2.13.jar;E:\code_lib\Axis2\axis2-1.6.2\lib\axiom-impl-1.2.13.jar;E:\code_lib\Axis2\axis2-1.6.2\lib\axis2-adb-1.6.2.jar;E:\code_lib\Axis2\axis2-1.6.2\lib\axis2-adb-codegen-1.6.2.jar;E:\code_lib\Axis2\axis2-1.6.2\lib\axis2-ant-plugin-1.6.2.jar;E:\code_lib\Axis2\axis2-1.6.2\lib\axis2-clustering-1.6.2.jar;E:\code_lib\Axis2\axis2-1.6.2\lib\axis2-codegen-1.6.2.jar;E:\code_lib\Axis2\axis2-1.6.2\lib\axis2-corba-1.6.2.jar;E:\code_lib\Axis2\axis2-1.6.2\lib\axis2-fastinfoset-1.6.2.jar;E:\code_lib\Axis2\axis2-1.6.2\lib\axis2-java2wsdl-1.6.2.jar;E:\code_lib\Axis2\axis2-1.6.2\lib\axis2-jaxbri-1.6.2.jar;E:\code_lib\Axis2\axis2-1.6.2\lib\axis2-jaxws-1.6.2.jar;E:\code_lib\Axis2\axis2-1.6.2\lib\axis2-jibx-1.6.2.jar;E:\code_lib\Axis2\axis2-1.6.2\lib\axis2-json-1.6.2.jar;E:\code_lib\Axis2\axis2-1.6.2\lib\axis2-kernel-1.6.2.jar;E:\code_lib\Axis2\axis2-1.6.2\lib\axis2-metadata-1.6.2.jar;E:\code_lib\Axis2\axis2-1.6.2\lib\axis2-mtompolicy-1.6.2.jar;E:\code_lib\Axis2\axis2-1.6.2\lib\axis2-saaj-1.6.2.jar;E:\code_lib\Axis2\axis2-1.6.2\lib\axis2-soapmonitor-servlet-1.6.2.jar;E:\code_lib\Axis2\axis2-1.6.2\lib\axis2-spring-1.6.2.jar;E:\code_lib\Axis2\axis2-1.6.2\lib\axis2-transport-http-1.6.2.jar;E:\code_lib\Axis2\axis2-1.6.2\lib\axis2-transport-local-1.6.2.jar;E:\code_lib\Axis2\axis2-1.6.2\lib\axis2-xmlbeans-1.6.2.jar;E:\code_lib\Axis2\axis2-1.6.2\lib\bcel-5.1.jar;E:\code_lib\Axis2\axis2-1.6.2\lib\commons-cli-1.2.jar;E:\code_lib\Axis2\axis2-1.6.2\lib\commons-codec-1.3.jar;E:\code_lib\Axis2\axis2-1.6.2\lib\commons-fileupload-1.2.jar;E:\code_lib\Axis2\axis2-1.6.2\lib\commons-httpclient-3.1.jar;E:\code_lib\Axis2\axis2-1.6.2\lib\commons-io-1.4.jar;E:\code_lib\Axis2\axis2-1.6.2\lib\commons-logging-1.1.1.jar;E:\code_lib\Axis2\axis2-1.6.2\lib\geronimo-annotation_1.0_spec-1.1.jar;E:\code_lib\Axis2\axis2-1.6.2\lib\geronimo-jaxws_2.2_spec-1.0.jar;E:\code_lib\Axis2\axis2-1.6.2\lib\geronimo-jta_1.1_spec-1.1.jar;E:\code_lib\Axis2\axis2-1.6.2\lib\geronimo-saaj_1.3_spec-1.0.1.jar;E:\code_lib\Axis2\axis2-1.6.2\lib\geronimo-stax-api_1.0_spec-1.0.1.jar;E:\code_lib\Axis2\axis2-1.6.2\lib\geronimo-ws-metadata_2.0_spec-1.1.2.jar;E:\code_lib\Axis2\axis2-1.6.2\lib\httpcore-4.0.jar;E:\code_lib\Axis2\axis2-1.6.2\lib\jalopy-1.5rc3.jar;E:\code_lib\Axis2\axis2-1.6.2\lib\jaxb-api-2.1.jar;E:\code_lib\Axis2\axis2-1.6.2\lib\jaxb-impl-2.1.7.jar;E:\code_lib\Axis2\axis2-1.6.2\lib\jaxb-xjc-2.1.7.jar;E:\code_lib\Axis2\axis2-1.6.2\lib\jaxen-1.1.1.jar;E:\code_lib\Axis2\axis2-1.6.2\lib\jaxws-tools-2.1.3.jar;E:\code_lib\Axis2\axis2-1.6.2\lib\jettison-1.0-RC2.jar;E:\code_lib\Axis2\axis2-1.6.2\lib\jibx-bind-1.2.jar;E:\code_lib\Axis2\axis2-1.6.2\lib\jibx-run-1.2.jar;E:\code_lib\Axis2\axis2-1.6.2\lib\jsr311-api-1.0.jar;E:\code_lib\Axis2\axis2-1.6.2\lib\juli-6.0.16.jar;E:\code_lib\Axis2\axis2-1.6.2\lib\log4j-1.2.15.jar;E:\code_lib\Axis2\axis2-1.6.2\lib\mail-1.4.jar;E:\code_lib\Axis2\axis2-1.6.2\lib\mex-1.6.2-impl.jar;E:\code_lib\Axis2\axis2-1.6.2\lib\neethi-3.0.2.jar;E:\code_lib\Axis2\axis2-1.6.2\lib\regexp-1.2.jar;E:\code_lib\Axis2\axis2-1.6.2\lib\tribes-6.0.16.jar;E:\code_lib\Axis2\axis2-1.6.2\lib\woden-api-1.0M9.jar;E:\code_lib\Axis2\axis2-1.6.2\lib\woden-impl-commons-1.0M9.jar;E:\code_lib\Axis2\axis2-1.6.2\lib\woden-impl-dom-1.0M9.jar;E:\code_lib\Axis2\axis2-1.6.2\lib\wsdl4j-1.6.2.jar;E:\code_lib\Axis2\axis2-1.6.2\lib\wstx-asl-3.2.9.jar;E:\code_lib\Axis2\axis2-1.6.2\lib\xalan-2.7.0.jar;E:\code_lib\Axis2\axis2-1.6.2\lib\xmlbeans-2.3.0.jar;E:\code_lib\Axis2\axis2-1.6.2\lib\xml-resolver-1.2.jar;E:\code_lib\Axis2\axis2-1.6.2\lib\XmlSchema-1.4.7.jar;E:\code_lib\Axis2\axis2-1.6.2\lib\endorsed\geronimo-jaxws_2.2_spec-1.0.jar;E:\code_lib\Axis2\axis2-1.6.2\lib\endorsed\geronimo-saaj_1.3_spec-1.0.1.jar;E:\code_lib\Axis2\axis2-1.6.2\lib\endorsed\jaxb-api-2.1.jar;E:\code_lib\logging-log4j-1.2.9\log4j-1.2.9.jar;E:\code_lib\quartz\lib\quartz-2.2.1.jar;E:\code_lib\quartz\lib\quartz-jobs-2.2.1.jar;E:\code_lib\quartz\lib\slf4j-api-1.6.6.jar;E:\code_lib\quartz\lib\slf4j-log4j12-1.6.6.jar
Operating system name: Windows 8
Operating system architecture: x86
Operating system version: 6.2
SUN 1.6: SUN (DSA key/parameter generation; DSA signing; SHA-1, MD5 digests; SecureRandom; X.509 certificates; JKS keystore; PKIX CertPathValidator; PKIX CertPathBuilder; LDAP, Collection CertStores, JavaPolicy Policy; JavaLoginConfig Configuration)
SunRsaSign 1.5: Sun RSA signature provider
SunJSSE 1.6: Sun JSSE provider(PKCS12, SunX509 key/trust factories, SSLv3, TLSv1)
SunJCE 1.6: SunJCE Provider (implements RSA, DES, Triple DES, AES, Blowfish, ARCFOUR, RC2, PBE, Diffie-Hellman, HMAC)
SunJGSS 1.0: Sun (Kerberos v5, SPNEGO)
SunSASL 1.5: Sun SASL provider(implements client mechanisms for: DIGEST-MD5, GSSAPI, EXTERNAL, PLAIN, CRAM-MD5; server mechanisms for: DIGEST-MD5, GSSAPI, CRAM-MD5)
XMLDSig 1.0: XMLDSig (DOM XMLSignatureFactory; DOM KeyInfoFactory)
SunPCSC 1.6: Sun PC/SC provider
SunMSCAPI 1.6: Sun's Microsoft Crypto API provider
Set parameter http.connection-manager.timeout = 30000
Set parameter http.connection.timeout = 30000
Set parameter http.socket.timeout = 30000
Set parameter http.socket.timeout = 30000
Start getContentType: OMOutputFormat [ mimeBoundary =null rootContentId=null doOptimize=false doingSWA=false isSOAP11=true charSetEncoding=UTF-8 xmlVersion=null contentType=null ignoreXmlDeclaration=false autoCloseWriter=false actionProperty=null optimizedThreshold=0]
getContentType= {text/xml}   OMOutputFormat [ mimeBoundary =null rootContentId=null doOptimize=false doingSWA=false isSOAP11=true charSetEncoding=UTF-8 xmlVersion=null contentType=text/xml ignoreXmlDeclaration=false autoCloseWriter=false actionProperty=null optimizedThreshold=0]
contentType from the OMOutputFormat =text/xml
contentType returned =text/xml; charset=UTF-8
Set parameter http.socket.timeout = 30000
HttpConnectionManager.getConnection:  config = HostConfiguration[host=http://196.201.216.14:8310], timeout = 30000
Allocating new connection, hostConfig=HostConfiguration[host=http://196.201.216.14:8310]
Open connection to 196.201.216.14:8310
>> "POST /SmsNotificationManagerService/services/SmsNotificationManager HTTP/1.1[\r][\n]"
Adding Host request header
start getBytes()
  isOptimized=false
  isDoingSWA=false
Creating MTOMXMLStreamWriter
OutputStream =class java.io.ByteArrayOutputStream
OMFormat = OMOutputFormat [ mimeBoundary =null rootContentId=null doOptimize=false doingSWA=false isSOAP11=true charSetEncoding=UTF-8 xmlVersion=null contentType=text/xml ignoreXmlDeclaration=false autoCloseWriter=false actionProperty=null optimizedThreshold=0]
preserveAttachments = false
XMLStreamWriter is org.apache.axiom.util.stax.dialect.WoodstoxStreamWriterWrapper
Calling MTOMXMLStreamWriter.flush
Could not close builder or parser due to:
builder is null
Calling MTOMXMLStreamWriter.flush
close
end getBytes()
>> "Content-Type: text/xml; charset=UTF-8[\r][\n]"
>> "SOAPAction: ""[\r][\n]"
>> "User-Agent: Axis2[\r][\n]"
>> "Host: 196.201.216.14:8310[\r][\n]"
>> "Content-Length: 814[\r][\n]"
>> "[\r][\n]"
>> "<?xml version='1.0' encoding='UTF-8'?><soapenv:Envelope xmlns:soapenv="http://schemas.xmlsoap.org/soap/envelope/"><soapenv:Header><v2:RequestSOAPHeader xmlns:v2="http://www.huawei.com.cn/schema/common/v2_1"><spId>601033</spId><spPassword>ceaef1c2d828ad2ff31efe3fd95f396e</spPassword><serviceId>6010332000002828</serviceId><timeStamp>20140806073009</timeStamp></v2:RequestSOAPHeader></soapenv:Header><soapenv:Body><ns2:startSmsNotification xmlns:ns2="http://www.csapi.org/schema/parlayx/sms/notification_manager/v2_3/local"><ns2:reference><endpoint>http://localhost/send</endpoint><interfaceName>notifySmsReception</interfaceName><correlator>20140806073009</correlator></ns2:reference><ns2:smsServiceActivationNumber>1317</ns2:smsServiceActivationNumber></ns2:startSmsNotification></soapenv:Body></soapenv:Envelope>"
Request body sent
<< "HTTP/1.1 500 Internal Server Error[\r][\n]"
<< "HTTP/1.1 500 Internal Server Error[\r][\n]"
<< "Content-Type: text/xml; charset=UTF-8[\r][\n]"
<< "Connection: close[\r][\n]"
<< "Content-Length: 591[\r][\n]"
<< "[\r][\n]"
[MessageContext: logID=97c6e2699af53f6e897e1a4d2941046ac3964920040e6ff6] Invoking flowComplete() in Phase "Security"
[MessageContext: logID=97c6e2699af53f6e897e1a4d2941046ac3964920040e6ff6] Invoking flowComplete() in Phase "MessageOut"
[MessageContext: logID=97c6e2699af53f6e897e1a4d2941046ac3964920040e6ff6] Invoking flowComplete() in Phase "PolicyDetermination"
[MessageContext: logID=97c6e2699af53f6e897e1a4d2941046ac3964920040e6ff6] Invoking flowComplete() in Phase "OperationOutPhase"
[MessageContext: logID=97c6e2699af53f6e897e1a4d2941046ac3964920040e6ff6] Invoking flowComplete() in Phase "OpPhase"
[MessageContext: logID=97c6e2699af53f6e897e1a4d2941046ac3964920040e6ff6] Invoking flowComplete() in Phase "RMPhase"
getAction (http://www.csapi.org/wsdl/parlayx/sms/notification_manager/v2_3/interface/SmsNotificationManager/startSmsNotificationRequest) from org.apache.axis2.client.Options@b8f8eb
Old SoapAction is (http://www.csapi.org/wsdl/parlayx/sms/notification_manager/v2_3/interface/SmsNotificationManager/startSmsNotificationRequest)
New SoapAction is (null)
setAction Old action is (null)
setAction New action is (null)
createSOAPEnvelope using Builder (class org.apache.axis2.builder.SOAPBuilder) selected from type (text/xml)
<< "<?xm"
char set encoding set from default =UTF-8
About to create XMLInputFactory implementation with classloader=sun.misc.Launcher$AppClassLoader@35ce36
The classloader for javax.xml.stream.XMLInputFactory is: null
Created XMLInputFactory = class org.apache.axiom.util.stax.wrapper.ImmutableXMLInputFactory with classloader=sun.misc.Launcher$AppClassLoader@35ce36
Configuration = SOAP
Size of XMLInputFactory map for this configuration = 1
Configurations for which factories have been cached = [DEFAULT, SOAP]
<< "l version="1.0" encoding="utf-8" ?><soapenv:Envelope xmlns:soapenv="http://schemas.xmlsoap.org/soap/envelope/" xmlns:xsi="http://www.w3.org/2001/XMLSchema-instance"><soapenv:Body><soapenv:Fault><faultcode>SVC0901</faultcode><faultstring>Service ID 6010332000002828 is not exist!</faultstring><detail><ns1:ServiceException xmlns:ns1="http://www.csapi.org/schema/parlayx/common/v2_1"><messageId>SVC0901</messageId><text>Service ID 6010332000002828 is not exist!</text><variables>6010332000002828</variables></ns1:ServiceException></detail></soapenv:Fault></soapenv:Body></soapenv:Envelope>"
XMLStreamReader is org.apache.axiom.util.stax.dialect.WoodstoxStreamReaderWrapper
Starting to process SOAP 1.1 message
Build the OMElement Envelope by the StaxSOAPModelBuilder
Build the OMElement Body by the StaxSOAPModelBuilder
[MessageContext: logID=a7c6e2699af53f6e897e1a4d2941046ac3964920040e6ff6] Checking pre-condition for Phase "Transport"
[MessageContext: logID=a7c6e2699af53f6e897e1a4d2941046ac3964920040e6ff6] Invoking phase "Transport"
[MessageContext: logID=a7c6e2699af53f6e897e1a4d2941046ac3964920040e6ff6] Invoking Handler 'RequestURIBasedDispatcher' in Phase 'Transport'
[MessageContext: logID=a7c6e2699af53f6e897e1a4d2941046ac3964920040e6ff6] Invoking Handler 'SOAPActionBasedDispatcher' in Phase 'Transport'
[MessageContext: logID=a7c6e2699af53f6e897e1a4d2941046ac3964920040e6ff6] Checking post-conditions for phase "Transport"
[MessageContext: logID=a7c6e2699af53f6e897e1a4d2941046ac3964920040e6ff6] Checking pre-condition for Phase "Addressing"
[MessageContext: logID=a7c6e2699af53f6e897e1a4d2941046ac3964920040e6ff6] Invoking phase "Addressing"
[MessageContext: logID=a7c6e2699af53f6e897e1a4d2941046ac3964920040e6ff6] Invoking Handler 'AddressingBasedDispatcher' in Phase 'Addressing'
[MessageContext: logID=a7c6e2699af53f6e897e1a4d2941046ac3964920040e6ff6] Checking post-conditions for phase "Addressing"
[MessageContext: logID=a7c6e2699af53f6e897e1a4d2941046ac3964920040e6ff6] Checking pre-condition for Phase "Security"
[MessageContext: logID=a7c6e2699af53f6e897e1a4d2941046ac3964920040e6ff6] Invoking phase "Security"
[MessageContext: logID=a7c6e2699af53f6e897e1a4d2941046ac3964920040e6ff6] Checking post-conditions for phase "Security"
[MessageContext: logID=a7c6e2699af53f6e897e1a4d2941046ac3964920040e6ff6] Checking pre-condition for Phase "PreDispatch"
[MessageContext: logID=a7c6e2699af53f6e897e1a4d2941046ac3964920040e6ff6] Invoking phase "PreDispatch"
[MessageContext: logID=a7c6e2699af53f6e897e1a4d2941046ac3964920040e6ff6] Checking post-conditions for phase "PreDispatch"
[MessageContext: logID=a7c6e2699af53f6e897e1a4d2941046ac3964920040e6ff6] Checking pre-condition for Phase "Dispatch"
[MessageContext: logID=a7c6e2699af53f6e897e1a4d2941046ac3964920040e6ff6] Invoking phase "Dispatch"
[MessageContext: logID=a7c6e2699af53f6e897e1a4d2941046ac3964920040e6ff6] Invoking Handler 'RequestURIBasedDispatcher' in Phase 'Dispatch'
[MessageContext: logID=a7c6e2699af53f6e897e1a4d2941046ac3964920040e6ff6] Invoking Handler 'SOAPActionBasedDispatcher' in Phase 'Dispatch'
[MessageContext: logID=a7c6e2699af53f6e897e1a4d2941046ac3964920040e6ff6] Invoking Handler 'RequestURIOperationDispatcher' in Phase 'Dispatch'
[MessageContext: logID=a7c6e2699af53f6e897e1a4d2941046ac3964920040e6ff6] Invoking Handler 'SOAPMessageBodyBasedDispatcher' in Phase 'Dispatch'
[MessageContext: logID=a7c6e2699af53f6e897e1a4d2941046ac3964920040e6ff6] Invoking Handler 'HTTPLocationBasedDispatcher' in Phase 'Dispatch'
[MessageContext: logID=a7c6e2699af53f6e897e1a4d2941046ac3964920040e6ff6] Checking post-conditions for phase "Dispatch"
[MessageContext: logID=a7c6e2699af53f6e897e1a4d2941046ac3964920040e6ff6] isReplyRedirected: ReplyTo is null. Returning false
[MessageContext: logID=a7c6e2699af53f6e897e1a4d2941046ac3964920040e6ff6] Checking pre-condition for Phase "RMPhase"
[MessageContext: logID=a7c6e2699af53f6e897e1a4d2941046ac3964920040e6ff6] Invoking phase "RMPhase"
[MessageContext: logID=a7c6e2699af53f6e897e1a4d2941046ac3964920040e6ff6] Checking post-conditions for phase "RMPhase"
[MessageContext: logID=a7c6e2699af53f6e897e1a4d2941046ac3964920040e6ff6] Checking pre-condition for Phase "OpPhase"
[MessageContext: logID=a7c6e2699af53f6e897e1a4d2941046ac3964920040e6ff6] Invoking phase "OpPhase"
[MessageContext: logID=a7c6e2699af53f6e897e1a4d2941046ac3964920040e6ff6] Checking post-conditions for phase "OpPhase"
[MessageContext: logID=a7c6e2699af53f6e897e1a4d2941046ac3964920040e6ff6] Checking pre-condition for Phase "OperationInPhase"
[MessageContext: logID=a7c6e2699af53f6e897e1a4d2941046ac3964920040e6ff6] Invoking phase "OperationInPhase"
[MessageContext: logID=a7c6e2699af53f6e897e1a4d2941046ac3964920040e6ff6] Checking post-conditions for phase "OperationInPhase"
[MessageContext: logID=a7c6e2699af53f6e897e1a4d2941046ac3964920040e6ff6] Invoking flowComplete() in Phase "OperationInPhase"
[MessageContext: logID=a7c6e2699af53f6e897e1a4d2941046ac3964920040e6ff6] Invoking flowComplete() in Phase "OpPhase"
[MessageContext: logID=a7c6e2699af53f6e897e1a4d2941046ac3964920040e6ff6] Invoking flowComplete() in Phase "RMPhase"
[MessageContext: logID=a7c6e2699af53f6e897e1a4d2941046ac3964920040e6ff6] Invoking flowComplete() in Phase "Dispatch"
[MessageContext: logID=a7c6e2699af53f6e897e1a4d2941046ac3964920040e6ff6] Invoking flowComplete() for Handler 'HTTPLocationBasedDispatcher' in Phase 'Dispatch'
[MessageContext: logID=a7c6e2699af53f6e897e1a4d2941046ac3964920040e6ff6] Invoking flowComplete() for Handler 'SOAPMessageBodyBasedDispatcher' in Phase 'Dispatch'
[MessageContext: logID=a7c6e2699af53f6e897e1a4d2941046ac3964920040e6ff6] Invoking flowComplete() for Handler 'RequestURIOperationDispatcher' in Phase 'Dispatch'
[MessageContext: logID=a7c6e2699af53f6e897e1a4d2941046ac3964920040e6ff6] Invoking flowComplete() for Handler 'SOAPActionBasedDispatcher' in Phase 'Dispatch'
[MessageContext: logID=a7c6e2699af53f6e897e1a4d2941046ac3964920040e6ff6] Invoking flowComplete() for Handler 'RequestURIBasedDispatcher' in Phase 'Dispatch'
[MessageContext: logID=a7c6e2699af53f6e897e1a4d2941046ac3964920040e6ff6] Invoking flowComplete() in Phase "PreDispatch"
[MessageContext: logID=a7c6e2699af53f6e897e1a4d2941046ac3964920040e6ff6] Invoking flowComplete() in Phase "Security"
[MessageContext: logID=a7c6e2699af53f6e897e1a4d2941046ac3964920040e6ff6] Invoking flowComplete() in Phase "Addressing"
[MessageContext: logID=a7c6e2699af53f6e897e1a4d2941046ac3964920040e6ff6] Invoking flowComplete() for Handler 'AddressingBasedDispatcher' in Phase 'Addressing'
[MessageContext: logID=a7c6e2699af53f6e897e1a4d2941046ac3964920040e6ff6] Invoking flowComplete() in Phase "Transport"
[MessageContext: logID=a7c6e2699af53f6e897e1a4d2941046ac3964920040e6ff6] Invoking flowComplete() for Handler 'SOAPActionBasedDispatcher' in Phase 'Transport'
[MessageContext: logID=a7c6e2699af53f6e897e1a4d2941046ac3964920040e6ff6] Invoking flowComplete() for Handler 'RequestURIBasedDispatcher' in Phase 'Transport'
Build the OMElement Fault by the StaxSOAPModelBuilder
Build the OMElement faultcode by the StaxSOAPModelBuilder
Build the OMElement faultstring by the StaxSOAPModelBuilder
Build the OMElement detail by the StaxSOAPModelBuilder
Build the OMElement ServiceException by the StaxSOAPModelBuilder
Build the OMElement messageId by the StaxSOAPModelBuilder
Build the OMElement text by the StaxSOAPModelBuilder
Build the OMElement variables by the StaxSOAPModelBuilder
Should close connection in response to directive: close
Releasing connection back to connection manager.
Freeing connection, hostConfig=HostConfiguration[host=http://196.201.216.14:8310]
Adding connection at: 1407274209694
Notifying no-one, there are no waiting threads
e
org.csapi.www.wsdl.parlayx.sms.notification_manager.v2_3.service.ServiceException: Service ID 6010332000002828 is not exist!
	at sun.reflect.NativeConstructorAccessorImpl.newInstance0(Native Method)
	at sun.reflect.NativeConstructorAccessorImpl.newInstance(Unknown Source)
	at sun.reflect.DelegatingConstructorAccessorImpl.newInstance(Unknown Source)
	at java.lang.reflect.Constructor.newInstance(Unknown Source)
	at org.csapi.www.wsdl.parlayx.sms.notification_manager.v2_3.service.SmsNotificationManagerServiceStub.startSmsNotification(SmsNotificationManagerServiceStub.java:651)
	at com.smk.sdp.notify.Notification.startServiceNotification(Notification.java:155)
	at com.smk.sdp.notify.Notification.execute(Notification.java:292)
	at org.quartz.core.JobRunShell.run(JobRunShell.java:202)
	at org.quartz.simpl.SimpleThreadPool$WorkerThread.run(SimpleThreadPool.java:573)
Checking services to stop
